#
# A fatal error has been detected by the Java Runtime Environment:
#
#  SIGSEGV (0xb) at pc=0x00007ff2351da818, pid=8601, tid=140678203586304
#
# JRE version: Java(TM) SE Runtime Environment (8.0-b124) (build 1.8.0-ea-b124)
# Java VM: Java HotSpot(TM) 64-Bit Server VM (25.0-b66 mixed mode linux-amd64 compressed oops)
# Problematic frame:
# C  [libglass.so+0x16818]  WindowContextTop::process_net_wm_property()+0xb8
#
# Failed to write core dump. Core dumps have been disabled. To enable core dumping, try "ulimit -c unlimited" before starting Java again
#
# If you would like to submit a bug report, please visit:
#   http://bugreport.sun.com/bugreport/crash.jsp
# The crash happened outside the Java Virtual Machine in native code.
# See problematic frame for where to report the bug.
#

---------------  T H R E A D  ---------------

Current thread (0x00007ff2a4200000):  JavaThread "JavaFX Application Thread" [_thread_in_native, id=8630, stack(0x00007ff2324a3000,0x00007ff2325a4000)]

siginfo:si_signo=SIGSEGV: si_errno=0, si_code=2 (SEGV_ACCERR), si_addr=0x00007ff21c534000

Registers:
RAX=0x0000000000000012, RBX=0x00007ff21c377580, RCX=0x0000000000000000, RDX=0x00007ff21c533ff8
RSP=0x00007ff2325a22e0, RBP=0x00007ff2325a2320, RSI=0x0000000000000018, RDI=0x00007ff21c533f70
R8 =0x000000000000007a, R9 =0x00007ff21c5290b0, R10=0x0000000000000000, R11=0x00007ff2aad712a0
R12=0x0000000000000046, R13=0x00007ff21c005230, R14=0x0000000000000000, R15=0x00007ff2353ec770
RIP=0x00007ff2351da818, EFLAGS=0x0000000000010297, CSGSFS=0x0000000000000033, ERR=0x0000000000000004
  TRAPNO=0x000000000000000e

Top of Stack: (sp=0x00007ff2325a22e0)
0x00007ff2325a22e0:   0000000000000000 0000000000000000
0x00007ff2325a22f0:   00007ff2325a230c 00007ff2325a2300
0x00007ff2325a2300:   00007ff21c533f70 000000183d87d4a8
0x00007ff2325a2310:   00007ff21c377580 0000000000000046
0x00007ff2325a2320:   00007ff2325a23c0 00007ff2351daa67
0x00007ff2325a2330:   00007ff2a4200000 00007ff21c377580
0x00007ff2325a2340:   00007ff2353ec770 00007ff2353ec7b0
0x00007ff2325a2350:   0000000000000000 00007ff21c377580
0x00007ff2325a2360:   00007ff2353ec770 00007ff23d87b31f
0x00007ff2325a2370:   00007ff21c377580 00007ff2325a2380
0x00007ff2325a2380:   0000000000000000 0000000600000000
0x00007ff2325a2390:   0000001000000000 0000000000000001
0x00007ff2325a23a0:   00007ff2325a23c0 00007ff21c377580
0x00007ff2325a23b0:   00007ff21c005230 00007ff2a41a05a0
0x00007ff2325a23c0:   00007ff2325a2400 00007ff2351e62f5
0x00007ff2325a23d0:   00007ff21c005230 00007ff21c005230
0x00007ff2325a23e0:   00007ff2a41a2db0 0000000000000000
0x00007ff2325a23f0:   00007ff26c4ca1a0 00007ff2a41a2cc0
0x00007ff2325a2400:   00007ff224001dc0 00007ff26c4ca1ec
0x00007ff2325a2410:   0000000000000000 00007ff23e511e04
0x00007ff2325a2420:   00007ff2a41a2db0 0000000000000000
0x00007ff2325a2430:   00000000a41a2db0 00007ff21c002cb0
0x00007ff2325a2440:   00007ff2325a2450 00007ff2325a2458
0x00007ff2325a2450:   0000000000000000 0000000000000000
0x00007ff2325a2460:   00007ff22c014330 00007ff2a41a2db0
0x00007ff2325a2470:   0000000000000001 00007ff21c003830
0x00007ff2325a2480:   0000000000000000 00007ff23e520b40
0x00007ff2325a2490:   0000000000000002 00007ff23e512048
0x00007ff2325a24a0:   0000000000000000 000000013e553d39
0x00007ff2325a24b0:   00007ff2a41a2db0 0000000000000000
0x00007ff2325a24c0:   00007ff22c014330 00007ff21c002d50
0x00007ff2325a24d0:   00007ff2325a25a0 0000000000000000 

Instructions: (pc=0x00007ff2351da818)
0x00007ff2351da7f8:   00 00 00 48 8b 7d e0 4c 8b 05 7a 34 21 00 31 c0
0x00007ff2351da808:   4c 39 07 48 89 fa 75 15 eb 5e 66 0f 1f 44 00 00
0x00007ff2351da818:   48 8b 4a 08 48 83 c2 08 4c 39 c1 74 4b 83 c0 01
0x00007ff2351da828:   39 f0 7c ec 45 31 e4 e8 1c ba ff ff 44 38 a3 80 

Register to memory mapping:

RAX=0x0000000000000012 is an unknown value
RBX=0x00007ff21c377580 is an unknown value
RCX=0x0000000000000000 is an unknown value
RDX=0x00007ff21c533ff8 is an unknown value
RSP=0x00007ff2325a22e0 is pointing into the stack for thread: 0x00007ff2a4200000
RBP=0x00007ff2325a2320 is pointing into the stack for thread: 0x00007ff2a4200000
RSI=0x0000000000000018 is an unknown value
RDI=0x00007ff21c533f70 is an unknown value
R8 =0x000000000000007a is an unknown value
R9 =0x00007ff21c5290b0 is an unknown value
R10=0x0000000000000000 is an unknown value
R11=0x00007ff2aad712a0: <offset 0x1792a0> in /lib/x86_64-linux-gnu/libc.so.6 at 0x00007ff2aabf8000
R12=0x0000000000000046 is an unknown value
R13=0x00007ff21c005230 is an unknown value
R14=0x0000000000000000 is an unknown value
R15=0x00007ff2353ec770: _ZTI17WindowContextPlug+0 in /usr/lib/jvm/java-8-oracle/jre/lib/amd64/libglass.so at 0x00007ff2351c4000


Stack: [0x00007ff2324a3000,0x00007ff2325a4000],  sp=0x00007ff2325a22e0,  free space=1020k
Native frames: (J=compiled Java code, j=interpreted, Vv=VM code, C=native code)
C  [libglass.so+0x16818]  WindowContextTop::process_net_wm_property()+0xb8
C  [libglass.so+0x16a67]  WindowContextTop::process_property_notify(_GdkEventProperty*)+0x67
C  [libglass.so+0x222f5]  process_events(_GdkEvent*, void*)+0x255

Java frames: (J=compiled Java code, j=interpreted, Vv=VM code)
j  com.sun.glass.ui.gtk.GtkApplication._runLoop(Ljava/lang/Runnable;Z)V+0
j  com.sun.glass.ui.gtk.GtkApplication.access$200(Lcom/sun/glass/ui/gtk/GtkApplication;Ljava/lang/Runnable;Z)V+3
j  com.sun.glass.ui.gtk.GtkApplication$6$1.run()V+31
j  java.lang.Thread.run()V+11
v  ~StubRoutines::call_stub

---------------  P R O C E S S  ---------------

Java Threads: ( => current thread )
  0x00007ff21c461000 JavaThread "Prism Font Disposer" daemon [_thread_blocked, id=8633, stack(0x00007ff23153b000,0x00007ff23163c000)]
  0x00007ff2a4202800 JavaThread "JavaFX-Launcher" [_thread_blocked, id=8631, stack(0x00007ff2323a2000,0x00007ff2324a3000)]
=>0x00007ff2a4200000 JavaThread "JavaFX Application Thread" [_thread_in_native, id=8630, stack(0x00007ff2324a3000,0x00007ff2325a4000)]
  0x00007ff2a41fe000 JavaThread "Thread-1" daemon [_thread_blocked, id=8629, stack(0x00007ff2325a4000,0x00007ff2326a5000)]
  0x00007ff2a4159800 JavaThread "QuantumRenderer-0" daemon [_thread_blocked, id=8626, stack(0x00007ff26cf6c000,0x00007ff26d06d000)]
  0x00007ff2a40da800 JavaThread "Service Thread" daemon [_thread_blocked, id=8623, stack(0x00007ff26d214000,0x00007ff26d315000)]
  0x00007ff2a40bd800 JavaThread "C1 CompilerThread3" daemon [_thread_in_vm, id=8622, stack(0x00007ff26d315000,0x00007ff26d416000)]
  0x00007ff2a40bb000 JavaThread "C2 CompilerThread2" daemon [_thread_in_native, id=8621, stack(0x00007ff26d416000,0x00007ff26d517000)]
  0x00007ff2a40b9000 JavaThread "C2 CompilerThread1" daemon [_thread_in_native, id=8620, stack(0x00007ff26d517000,0x00007ff26d618000)]
  0x00007ff2a40b6000 JavaThread "C2 CompilerThread0" daemon [_thread_in_native, id=8619, stack(0x00007ff26d618000,0x00007ff26d719000)]
  0x00007ff2a40b4000 JavaThread "Signal Dispatcher" daemon [_thread_blocked, id=8618, stack(0x00007ff26d719000,0x00007ff26d81a000)]
  0x00007ff2a4084800 JavaThread "Finalizer" daemon [_thread_blocked, id=8617, stack(0x00007ff26dae3000,0x00007ff26dbe4000)]
  0x00007ff2a4080800 JavaThread "Reference Handler" daemon [_thread_blocked, id=8616, stack(0x00007ff26dbe4000,0x00007ff26dce5000)]
  0x00007ff2a400a000 JavaThread "main" [_thread_blocked, id=8606, stack(0x00007ff2ab6f5000,0x00007ff2ab7f6000)]

Other Threads:
  0x00007ff2a407b800 VMThread [stack: 0x00007ff26dce5000,0x00007ff26dde6000] [id=8615]
  0x00007ff2a40dd000 WatcherThread [stack: 0x00007ff26d113000,0x00007ff26d214000] [id=8624]

VM state:not at safepoint (normal execution)

VM Mutex/Monitor currently owned by a thread: None

Heap:
 PSYoungGen      total 13824K, used 11781K [0x00000000d6a00000, 0x00000000d7d00000, 0x0000000100000000)
  eden space 11264K, 81% used [0x00000000d6a00000,0x00000000d7301580,0x00000000d7500000)
  from space 2560K, 100% used [0x00000000d7880000,0x00000000d7b00000,0x00000000d7b00000)
  to   space 3584K, 0% used [0x00000000d7500000,0x00000000d7500000,0x00000000d7880000)
 ParOldGen       total 127488K, used 3155K [0x0000000083e00000, 0x000000008ba80000, 0x00000000d6a00000)
  object space 127488K, 2% used [0x0000000083e00000,0x0000000084114f18,0x000000008ba80000)
 Metaspace       used 16221K, capacity 16380K, committed 16512K, reserved 1062912K
  class space    used 2516K, capacity 2564K, committed 2688K, reserved 1048576K

Card table byte_map: [0x00007ff2a8193000,0x00007ff2a8575000] byte_map_base: 0x00007ff2a7d74000

Marking Bits: (ParMarkBitMap*) 0x00007ff2aabcda40
 Begin Bits: [0x00007ff2741f0000, 0x00007ff2760f8000)
 End Bits:   [0x00007ff2760f8000, 0x00007ff278000000)

Polling page: 0x00007ff2ab816000

CodeCache: size=245760Kb used=5176Kb max_used=5176Kb free=240584Kb
 bounds [0x00007ff295000000, 0x00007ff295520000, 0x00007ff2a4000000]
 total_blobs=2101 nmethods=1583 adapters=431
 compilation: enabled

Compilation events (10 events):
Event: 1.171 Thread 0x00007ff2a40bd800 nmethod 1589 0x00007ff295509ed0 code [0x00007ff29550a020, 0x00007ff29550a170]
Event: 1.171 Thread 0x00007ff2a40bd800 1588       3       javafx.scene.text.Text::getTextLayout (176 bytes)
Event: 1.175 Thread 0x00007ff2a40bd800 nmethod 1588 0x00007ff29550a210 code [0x00007ff29550a6a0, 0x00007ff29550d448]
Event: 1.175 Thread 0x00007ff2a40bd800 1595       1       com.sun.javafx.geom.RectBounds::getMinY (5 bytes)
Event: 1.175 Thread 0x00007ff2a40bd800 nmethod 1595 0x00007ff29550ea10 code [0x00007ff29550eb60, 0x00007ff29550ec70]
Event: 1.175 Thread 0x00007ff2a40bd800 1596       1       com.sun.javafx.geom.RectBounds::getMinX (5 bytes)
Event: 1.175 Thread 0x00007ff2a40bd800 nmethod 1596 0x00007ff29550ecd0 code [0x00007ff29550ee20, 0x00007ff29550ef30]
Event: 1.175 Thread 0x00007ff2a40bd800 1591       3       com.sun.javafx.geom.RectBounds::deriveWithNewBounds (96 bytes)
Event: 1.176 Thread 0x00007ff2a40bd800 nmethod 1591 0x00007ff29550ef90 code [0x00007ff29550f1a0, 0x00007ff29550ff48]
Event: 1.176 Thread 0x00007ff2a40bd800 1594       3       javafx.scene.Node::updateLocalToParentTransform (442 bytes)

GC Heap History (10 events):
Event: 0.336 GC heap before
{Heap before GC invocations=6 (full 0):
 PSYoungGen      total 2560K, used 2527K [0x00000000d6a00000, 0x00000000d7000000, 0x0000000100000000)
  eden space 2048K, 99% used [0x00000000d6a00000,0x00000000d6bffeb0,0x00000000d6c00000)
  from space 512K, 93% used [0x00000000d6c00000,0x00000000d6c78020,0x00000000d6c80000)
  to   space 1024K, 0% used [0x00000000d6f00000,0x00000000d6f00000,0x00000000d7000000)
 ParOldGen       total 127488K, used 743K [0x0000000083e00000, 0x000000008ba80000, 0x00000000d6a00000)
  object space 127488K, 0% used [0x0000000083e00000,0x0000000083eb9da8,0x000000008ba80000)
 Metaspace       used 6223K, capacity 7088K, committed 7296K, reserved 1056768K
  class space    used 802K, capacity 856K, committed 896K, reserved 1048576K
Event: 0.338 GC heap after
Heap after GC invocations=6 (full 0):
 PSYoungGen      total 5120K, used 656K [0x00000000d6a00000, 0x00000000d7000000, 0x0000000100000000)
  eden space 4096K, 0% used [0x00000000d6a00000,0x00000000d6a00000,0x00000000d6e00000)
  from space 1024K, 64% used [0x00000000d6f00000,0x00000000d6fa4010,0x00000000d7000000)
  to   space 1024K, 0% used [0x00000000d6e00000,0x00000000d6e00000,0x00000000d6f00000)
 ParOldGen       total 127488K, used 751K [0x0000000083e00000, 0x000000008ba80000, 0x00000000d6a00000)
  object space 127488K, 0% used [0x0000000083e00000,0x0000000083ebbda8,0x000000008ba80000)
 Metaspace       used 6223K, capacity 7088K, committed 7296K, reserved 1056768K
  class space    used 802K, capacity 856K, committed 896K, reserved 1048576K
}
Event: 0.423 GC heap before
{Heap before GC invocations=7 (full 0):
 PSYoungGen      total 5120K, used 4752K [0x00000000d6a00000, 0x00000000d7000000, 0x0000000100000000)
  eden space 4096K, 100% used [0x00000000d6a00000,0x00000000d6e00000,0x00000000d6e00000)
  from space 1024K, 64% used [0x00000000d6f00000,0x00000000d6fa4010,0x00000000d7000000)
  to   space 1024K, 0% used [0x00000000d6e00000,0x00000000d6e00000,0x00000000d6f00000)
 ParOldGen       total 127488K, used 751K [0x0000000083e00000, 0x000000008ba80000, 0x00000000d6a00000)
  object space 127488K, 0% used [0x0000000083e00000,0x0000000083ebbda8,0x000000008ba80000)
 Metaspace       used 7798K, capacity 8496K, committed 8576K, reserved 1056768K
  class space    used 1077K, capacity 1112K, committed 1152K, reserved 1048576K
Event: 0.425 GC heap after
Heap after GC invocations=7 (full 0):
 PSYoungGen      total 5120K, used 1024K [0x00000000d6a00000, 0x00000000d7500000, 0x0000000100000000)
  eden space 4096K, 0% used [0x00000000d6a00000,0x00000000d6a00000,0x00000000d6e00000)
  from space 1024K, 100% used [0x00000000d6e00000,0x00000000d6f00000,0x00000000d6f00000)
  to   space 1536K, 0% used [0x00000000d7380000,0x00000000d7380000,0x00000000d7500000)
 ParOldGen       total 127488K, used 1091K [0x0000000083e00000, 0x000000008ba80000, 0x00000000d6a00000)
  object space 127488K, 0% used [0x0000000083e00000,0x0000000083f10e08,0x000000008ba80000)
 Metaspace       used 7798K, capacity 8496K, committed 8576K, reserved 1056768K
  class space    used 1077K, capacity 1112K, committed 1152K, reserved 1048576K
}
Event: 0.542 GC heap before
{Heap before GC invocations=8 (full 0):
 PSYoungGen      total 5120K, used 5120K [0x00000000d6a00000, 0x00000000d7500000, 0x0000000100000000)
  eden space 4096K, 100% used [0x00000000d6a00000,0x00000000d6e00000,0x00000000d6e00000)
  from space 1024K, 100% used [0x00000000d6e00000,0x00000000d6f00000,0x00000000d6f00000)
  to   space 1536K, 0% used [0x00000000d7380000,0x00000000d7380000,0x00000000d7500000)
 ParOldGen       total 127488K, used 1091K [0x0000000083e00000, 0x000000008ba80000, 0x00000000d6a00000)
  object space 127488K, 0% used [0x0000000083e00000,0x0000000083f10e08,0x000000008ba80000)
 Metaspace       used 10692K, capacity 10880K, committed 11136K, reserved 1058816K
  class space    used 1520K, capacity 1560K, committed 1664K, reserved 1048576K
Event: 0.545 GC heap after
Heap after GC invocations=8 (full 0):
 PSYoungGen      total 9216K, used 1504K [0x00000000d6a00000, 0x00000000d7600000, 0x0000000100000000)
  eden space 7680K, 0% used [0x00000000d6a00000,0x00000000d6a00000,0x00000000d7180000)
  from space 1536K, 97% used [0x00000000d7380000,0x00000000d74f8010,0x00000000d7500000)
  to   space 2048K, 0% used [0x00000000d7180000,0x00000000d7180000,0x00000000d7380000)
 ParOldGen       total 127488K, used 1299K [0x0000000083e00000, 0x000000008ba80000, 0x00000000d6a00000)
  object space 127488K, 1% used [0x0000000083e00000,0x0000000083f44ee8,0x000000008ba80000)
 Metaspace       used 10692K, capacity 10880K, committed 11136K, reserved 1058816K
  class space    used 1520K, capacity 1560K, committed 1664K, reserved 1048576K
}
Event: 0.777 GC heap before
{Heap before GC invocations=9 (full 0):
 PSYoungGen      total 9216K, used 9184K [0x00000000d6a00000, 0x00000000d7600000, 0x0000000100000000)
  eden space 7680K, 100% used [0x00000000d6a00000,0x00000000d7180000,0x00000000d7180000)
  from space 1536K, 97% used [0x00000000d7380000,0x00000000d74f8010,0x00000000d7500000)
  to   space 2048K, 0% used [0x00000000d7180000,0x00000000d7180000,0x00000000d7380000)
 ParOldGen       total 127488K, used 1299K [0x0000000083e00000, 0x000000008ba80000, 0x00000000d6a00000)
  object space 127488K, 1% used [0x0000000083e00000,0x0000000083f44ee8,0x000000008ba80000)
 Metaspace       used 13719K, capacity 13916K, committed 13952K, reserved 1060864K
  class space    used 2106K, capacity 2148K, committed 2176K, reserved 1048576K
Event: 0.780 GC heap after
Heap after GC invocations=9 (full 0):
 PSYoungGen      total 9728K, used 2032K [0x00000000d6a00000, 0x00000000d7b00000, 0x0000000100000000)
  eden space 7680K, 0% used [0x00000000d6a00000,0x00000000d6a00000,0x00000000d7180000)
  from space 2048K, 99% used [0x00000000d7180000,0x00000000d737c010,0x00000000d7380000)
  to   space 2560K, 0% used [0x00000000d7880000,0x00000000d7880000,0x00000000d7b00000)
 ParOldGen       total 127488K, used 1851K [0x0000000083e00000, 0x000000008ba80000, 0x00000000d6a00000)
  object space 127488K, 1% used [0x0000000083e00000,0x0000000083fcef08,0x000000008ba80000)
 Metaspace       used 13719K, capacity 13916K, committed 13952K, reserved 1060864K
  class space    used 2106K, capacity 2148K, committed 2176K, reserved 1048576K
}
Event: 0.977 GC heap before
{Heap before GC invocations=10 (full 0):
 PSYoungGen      total 9728K, used 9712K [0x00000000d6a00000, 0x00000000d7b00000, 0x0000000100000000)
  eden space 7680K, 100% used [0x00000000d6a00000,0x00000000d7180000,0x00000000d7180000)
  from space 2048K, 99% used [0x00000000d7180000,0x00000000d737c010,0x00000000d7380000)
  to   space 2560K, 0% used [0x00000000d7880000,0x00000000d7880000,0x00000000d7b00000)
 ParOldGen       total 127488K, used 1851K [0x0000000083e00000, 0x000000008ba80000, 0x00000000d6a00000)
  object space 127488K, 1% used [0x0000000083e00000,0x0000000083fcef08,0x000000008ba80000)
 Metaspace       used 15164K, capacity 15292K, committed 15488K, reserved 1062912K
  class space    used 2352K, capacity 2372K, committed 2432K, reserved 1048576K
Event: 0.981 GC heap after
Heap after GC invocations=10 (full 0):
 PSYoungGen      total 13824K, used 2560K [0x00000000d6a00000, 0x00000000d7d00000, 0x0000000100000000)
  eden space 11264K, 0% used [0x00000000d6a00000,0x00000000d6a00000,0x00000000d7500000)
  from space 2560K, 100% used [0x00000000d7880000,0x00000000d7b00000,0x00000000d7b00000)
  to   space 3584K, 0% used [0x00000000d7500000,0x00000000d7500000,0x00000000d7880000)
 ParOldGen       total 127488K, used 3155K [0x0000000083e00000, 0x000000008ba80000, 0x00000000d6a00000)
  object space 127488K, 2% used [0x0000000083e00000,0x0000000084114f18,0x000000008ba80000)
 Metaspace       used 15164K, capacity 15292K, committed 15488K, reserved 1062912K
  class space    used 2352K, capacity 2372K, committed 2432K, reserved 1048576K
}

Deoptimization events (10 events):
Event: 0.973 Thread 0x00007ff2a4200000 Uncommon trap: reason=array_check action=maybe_recompile pc=0x00007ff2953fe084 method=com.sun.javafx.css.SimpleSelector.applies(Ljavafx/css/Styleable;[Ljava/util/Set;I)Z @ 37
Event: 0.982 Thread 0x00007ff2a4200000 Uncommon trap: reason=unreached action=reinterpret pc=0x00007ff2953fa35c method=java.lang.ref.ReferenceQueue.poll()Ljava/lang/ref/Reference; @ 4
Event: 0.985 Thread 0x00007ff2a4200000 Uncommon trap: reason=unreached action=reinterpret pc=0x00007ff2953e6140 method=com.sun.javafx.css.BitSet.addAll(Ljava/util/Collection;)Z @ 1
Event: 1.013 Thread 0x00007ff2a4200000 Uncommon trap: reason=class_check action=maybe_recompile pc=0x00007ff29537bff0 method=com.sun.javafx.css.parser.CSSLexer.readChar()I @ 4
Event: 1.064 Thread 0x00007ff2a4200000 Uncommon trap: reason=class_check action=maybe_recompile pc=0x00007ff29542c350 method=com.sun.javafx.css.ParsedValueImpl.containsFontRelativeSize(Ljavafx/css/ParsedValue;Z)Z @ 83
Event: 1.064 Thread 0x00007ff2a4200000 Uncommon trap: reason=null_check action=make_not_entrant pc=0x00007ff29542c464 method=com.sun.javafx.css.ParsedValueImpl.containsFontRelativeSize(Ljavafx/css/ParsedValue;Z)Z @ 8
Event: 1.101 Thread 0x00007ff2a4200000 Uncommon trap: reason=array_check action=maybe_recompile pc=0x00007ff2954a6eb4 method=com.sun.javafx.css.CompoundSelector.applies(Ljavafx/css/Styleable;[Ljava/util/Set;I)Z @ 128
Event: 1.101 Thread 0x00007ff2a4200000 Uncommon trap: reason=array_check action=maybe_recompile pc=0x00007ff2954a6eb4 method=com.sun.javafx.css.CompoundSelector.applies(Ljavafx/css/Styleable;[Ljava/util/Set;I)Z @ 128
Event: 1.101 Thread 0x00007ff2a4200000 Uncommon trap: reason=array_check action=maybe_recompile pc=0x00007ff2954a6eb4 method=com.sun.javafx.css.CompoundSelector.applies(Ljavafx/css/Styleable;[Ljava/util/Set;I)Z @ 128
Event: 1.101 Thread 0x00007ff2a4200000 Uncommon trap: reason=array_check action=maybe_recompile pc=0x00007ff2954a6eb4 method=com.sun.javafx.css.CompoundSelector.applies(Ljavafx/css/Styleable;[Ljava/util/Set;I)Z @ 128

Internal exceptions (10 events):
Event: 0.669 Thread 0x00007ff2a4200000 Exception <a 'java/security/PrivilegedActionException'> (0x00000000d6ef0b90) thrown at [/HUDSON/workspace/8-2-build-linux-amd64/jdk8/1532/hotspot/src/share/vm/prims/jvm.cpp, line 1248]
Event: 0.670 Thread 0x00007ff2a4200000 Exception <a 'java/security/PrivilegedActionException'> (0x00000000d6f11638) thrown at [/HUDSON/workspace/8-2-build-linux-amd64/jdk8/1532/hotspot/src/share/vm/prims/jvm.cpp, line 1248]
Event: 0.745 Thread 0x00007ff2a4200000 Exception <a 'java/io/FileNotFoundException'> (0x00000000d7033740) thrown at [/HUDSON/workspace/8-2-build-linux-amd64/jdk8/1532/hotspot/src/share/vm/prims/jni.cpp, line 716]
Event: 0.774 Thread 0x00007ff2a4200000 Exception <a 'java/io/FileNotFoundException'> (0x00000000d714fb18) thrown at [/HUDSON/workspace/8-2-build-linux-amd64/jdk8/1532/hotspot/src/share/vm/prims/jni.cpp, line 716]
Event: 0.786 Thread 0x00007ff2a4200000 Implicit null exception at 0x00007ff295229eb5 to 0x00007ff29522a06d
Event: 0.985 Thread 0x00007ff2a4200000 Implicit null exception at 0x00007ff2953e5b90 to 0x00007ff2953e612d
Event: 1.033 Thread 0x00007ff2a4200000 Exception <a 'java/security/PrivilegedActionException'> (0x00000000d6c1f6a8) thrown at [/HUDSON/workspace/8-2-build-linux-amd64/jdk8/1532/hotspot/src/share/vm/prims/jvm.cpp, line 1248]
Event: 1.034 Thread 0x00007ff2a4200000 Exception <a 'java/security/PrivilegedActionException'> (0x00000000d6c354d0) thrown at [/HUDSON/workspace/8-2-build-linux-amd64/jdk8/1532/hotspot/src/share/vm/prims/jvm.cpp, line 1248]
Event: 1.035 Thread 0x00007ff2a4200000 Exception <a 'java/security/PrivilegedActionException'> (0x00000000d6c52dd0) thrown at [/HUDSON/workspace/8-2-build-linux-amd64/jdk8/1532/hotspot/src/share/vm/prims/jvm.cpp, line 1248]
Event: 1.064 Thread 0x00007ff2a4200000 Implicit null exception at 0x00007ff29542b834 to 0x00007ff29542c455

Events (10 events):
Event: 1.173 loading class java/util/EnumMap$Values
Event: 1.173 loading class java/util/EnumMap$Values done
Event: 1.173 loading class java/util/EnumMap$ValueIterator
Event: 1.173 loading class java/util/EnumMap$EnumMapIterator
Event: 1.173 loading class java/util/EnumMap$EnumMapIterator done
Event: 1.173 loading class java/util/EnumMap$ValueIterator done
Event: 1.174 loading class javafx/scene/Node$21
Event: 1.174 loading class javafx/scene/Node$21 done
Event: 1.175 loading class com/sun/javafx/tk/quantum/ViewScene$1
Event: 1.175 loading class com/sun/javafx/tk/quantum/ViewScene$1 done


Dynamic libraries:
00400000-00401000 r-xp 00000000 08:05 6176759                            /usr/lib/jvm/java-8-oracle/bin/java
00600000-00601000 rw-p 00000000 08:05 6176759                            /usr/lib/jvm/java-8-oracle/bin/java
00c4b000-00c6c000 rw-p 00000000 00:00 0                                  [heap]
83e00000-8ba80000 rw-p 00000000 00:00 0 
8ba80000-d6a00000 ---p 00000000 00:00 0 
d6a00000-d7d00000 rw-p 00000000 00:00 0 
d7d00000-100000000 ---p 00000000 00:00 0 
100000000-1002a0000 rw-p 00000000 00:00 0 
1002a0000-140000000 ---p 00000000 00:00 0 
7ff214000000-7ff214021000 rw-p 00000000 00:00 0 
7ff214021000-7ff218000000 ---p 00000000 00:00 0 
7ff21c000000-7ff21c54a000 rw-p 00000000 00:00 0 
7ff21c54a000-7ff220000000 ---p 00000000 00:00 0 
7ff220000000-7ff220021000 rw-p 00000000 00:00 0 
7ff220021000-7ff224000000 ---p 00000000 00:00 0 
7ff224000000-7ff224022000 rw-p 00000000 00:00 0 
7ff224022000-7ff228000000 ---p 00000000 00:00 0 
7ff228000000-7ff228021000 rw-p 00000000 00:00 0 
7ff228021000-7ff22c000000 ---p 00000000 00:00 0 
7ff22c000000-7ff22c021000 rw-p 00000000 00:00 0 
7ff22c021000-7ff230000000 ---p 00000000 00:00 0 
7ff231528000-7ff231529000 rw-p 00000000 00:00 0 
7ff231529000-7ff23153b000 r--s 00345000 08:05 6304694                    /usr/lib/jvm/java-8-oracle/jre/lib/resources.jar
7ff23153b000-7ff23153e000 ---p 00000000 00:00 0 
7ff23153e000-7ff2317bc000 rw-p 00000000 00:00 0                          [stack:8633]
7ff2317bc000-7ff23183c000 ---p 00000000 00:00 0 
7ff23183c000-7ff23183d000 r--s 00000000 08:05 9964748                    /var/cache/fontconfig/087e1975ba9a574b140bb1df193bf770-le64.cache-4
7ff23183d000-7ff23184b000 r--s 00000000 08:05 9964734                    /var/cache/fontconfig/6aa41aa22e18b8fa06a12da28ea9c28b-le64.cache-4
7ff23184b000-7ff23184c000 r--s 00000000 08:05 9964733                    /var/cache/fontconfig/c05880de57d1f5e948fdfacc138775d9-le64.cache-4
7ff23184c000-7ff231857000 r--s 00000000 08:05 9964732                    /var/cache/fontconfig/945677eb7aeaf62f1d50efc3fb3ec7d8-le64.cache-4
7ff231857000-7ff231859000 r--s 00000000 08:05 9964719                    /var/cache/fontconfig/99e8ed0e538f840c565b6ed5dad60d56-le64.cache-4
7ff231859000-7ff23185f000 r--s 00000000 08:05 9964718                    /var/cache/fontconfig/2cd17615ca594fa2959ae173292e504c-le64.cache-4
7ff23185f000-7ff231860000 r--s 00000000 08:05 9964716                    /var/cache/fontconfig/e7071f4a29fa870f4323321c154eba04-le64.cache-4
7ff231860000-7ff231861000 r--s 00000000 08:05 9964710                    /var/cache/fontconfig/0d8c3b2ac0904cb8a57a757ad11a4a08-le64.cache-4
7ff231861000-7ff231868000 r--s 00000000 08:05 9964709                    /var/cache/fontconfig/a755afe4a08bf5b97852ceb7400b47bc-le64.cache-4
7ff231868000-7ff23186c000 r--s 00000000 08:05 9964707                    /var/cache/fontconfig/6d41288fd70b0be22e8c3a91e032eec0-le64.cache-4
7ff23186c000-7ff231880000 r--s 00000000 08:05 9964706                    /var/cache/fontconfig/04aabc0a78ac019cf9454389977116d2-le64.cache-4
7ff231880000-7ff231881000 r--s 00000000 08:05 9964704                    /var/cache/fontconfig/1ac9eb803944fde146138c791f5cc56a-le64.cache-4
7ff231881000-7ff231885000 r--s 00000000 08:05 9964678                    /var/cache/fontconfig/385c0604a188198f04d133e54aba7fe7-le64.cache-4
7ff231885000-7ff231887000 r--s 00000000 08:05 9964667                    /var/cache/fontconfig/767a8244fc0220cfb567a839d0392e0b-le64.cache-4
7ff231887000-7ff23188c000 r--s 00000000 08:05 9964657                    /var/cache/fontconfig/8801497958630a81b71ace7c5f9b32a8-le64.cache-4
7ff23188c000-7ff231893000 r--s 00000000 08:05 9964656                    /var/cache/fontconfig/3047814df9a2f067bd2d96a2b9c36e5a-le64.cache-4
7ff231893000-7ff231899000 r--s 00000000 08:05 9964650                    /var/cache/fontconfig/b47c4e1ecd0709278f4910c18777a504-le64.cache-4
7ff231899000-7ff2318ba000 r--s 00000000 08:05 9964569                    /var/cache/fontconfig/e13b20fdb08344e0e664864cc2ede53d-le64.cache-4
7ff2318ba000-7ff2318d0000 r-xp 00000000 08:05 6304474                    /usr/lib/jvm/java-8-oracle/jre/lib/amd64/libnet.so
7ff2318d0000-7ff231acf000 ---p 00016000 08:05 6304474                    /usr/lib/jvm/java-8-oracle/jre/lib/amd64/libnet.so
7ff231acf000-7ff231ad0000 rw-p 00015000 08:05 6304474                    /usr/lib/jvm/java-8-oracle/jre/lib/amd64/libnet.so
7ff231ad0000-7ff231cd0000 rw-p 00000000 00:00 0 
7ff231cd0000-7ff231ed0000 rw-p 00000000 00:00 0 
7ff231ed0000-7ff231f94000 r-xp 00000000 08:05 6304482                    /usr/lib/jvm/java-8-oracle/jre/lib/amd64/libjavafx_font_t2k.so
7ff231f94000-7ff232193000 ---p 000c4000 08:05 6304482                    /usr/lib/jvm/java-8-oracle/jre/lib/amd64/libjavafx_font_t2k.so
7ff232193000-7ff23219b000 r--p 000c3000 08:05 6304482                    /usr/lib/jvm/java-8-oracle/jre/lib/amd64/libjavafx_font_t2k.so
7ff23219b000-7ff23219d000 rw-p 000cb000 08:05 6304482                    /usr/lib/jvm/java-8-oracle/jre/lib/amd64/libjavafx_font_t2k.so
7ff23219d000-7ff23219e000 rw-p 00000000 00:00 0 
7ff23219e000-7ff2321a1000 r-xp 00000000 08:05 6304473                    /usr/lib/jvm/java-8-oracle/jre/lib/amd64/libjavafx_font.so
7ff2321a1000-7ff2323a0000 ---p 00003000 08:05 6304473                    /usr/lib/jvm/java-8-oracle/jre/lib/amd64/libjavafx_font.so
7ff2323a0000-7ff2323a1000 r--p 00002000 08:05 6304473                    /usr/lib/jvm/java-8-oracle/jre/lib/amd64/libjavafx_font.so
7ff2323a1000-7ff2323a2000 rw-p 00003000 08:05 6304473                    /usr/lib/jvm/java-8-oracle/jre/lib/amd64/libjavafx_font.so
7ff2323a2000-7ff2323a5000 ---p 00000000 00:00 0 
7ff2323a5000-7ff2324a3000 rw-p 00000000 00:00 0                          [stack:8631]
7ff2324a3000-7ff2324a6000 ---p 00000000 00:00 0 
7ff2324a6000-7ff2325a4000 rw-p 00000000 00:00 0                          [stack:8630]
7ff2325a4000-7ff2325a7000 ---p 00000000 00:00 0 
7ff2325a7000-7ff2326a5000 rw-p 00000000 00:00 0                          [stack:8629]
7ff2326a5000-7ff2326a6000 ---p 00000000 00:00 0 
7ff2326a6000-7ff232ea6000 rw-p 00000000 00:00 0                          [stack:8628]
7ff232ea6000-7ff232ea7000 ---p 00000000 00:00 0 
7ff232ea7000-7ff2336a7000 rw-p 00000000 00:00 0                          [stack:8627]
7ff2336a7000-7ff2336b2000 r-xp 00000000 08:05 6558282                    /usr/lib/x86_64-linux-gnu/gio/modules/libdconfsettings.so
7ff2336b2000-7ff2338b2000 ---p 0000b000 08:05 6558282                    /usr/lib/x86_64-linux-gnu/gio/modules/libdconfsettings.so
7ff2338b2000-7ff2338b3000 r--p 0000b000 08:05 6558282                    /usr/lib/x86_64-linux-gnu/gio/modules/libdconfsettings.so
7ff2338b3000-7ff2338b4000 rw-p 0000c000 08:05 6558282                    /usr/lib/x86_64-linux-gnu/gio/modules/libdconfsettings.so
7ff2338b4000-7ff2338f5000 r--p 00000000 08:05 7209108                    /usr/share/glib-2.0/schemas/gschemas.compiled
7ff2338f5000-7ff2338fc000 r-xp 00000000 08:05 6168113                    /usr/lib/x86_64-linux-gnu/libogg.so.0.8.1
7ff2338fc000-7ff233afc000 ---p 00007000 08:05 6168113                    /usr/lib/x86_64-linux-gnu/libogg.so.0.8.1
7ff233afc000-7ff233afd000 r--p 00007000 08:05 6168113                    /usr/lib/x86_64-linux-gnu/libogg.so.0.8.1
7ff233afd000-7ff233afe000 rw-p 00008000 08:05 6168113                    /usr/lib/x86_64-linux-gnu/libogg.so.0.8.1
7ff233afe000-7ff233b2a000 r-xp 00000000 08:05 6168152                    /usr/lib/x86_64-linux-gnu/libvorbis.so.0.4.5
7ff233b2a000-7ff233d29000 ---p 0002c000 08:05 6168152                    /usr/lib/x86_64-linux-gnu/libvorbis.so.0.4.5
7ff233d29000-7ff233d2a000 r--p 0002b000 08:05 6168152                    /usr/lib/x86_64-linux-gnu/libvorbis.so.0.4.5
7ff233d2a000-7ff233d2b000 rw-p 0002c000 08:05 6168152                    /usr/lib/x86_64-linux-gnu/libvorbis.so.0.4.5
7ff233d2b000-7ff233d34000 r-xp 00000000 08:05 6166417                    /usr/lib/x86_64-linux-gnu/libltdl.so.7.3.0
7ff233d34000-7ff233f33000 ---p 00009000 08:05 6166417                    /usr/lib/x86_64-linux-gnu/libltdl.so.7.3.0
7ff233f33000-7ff233f34000 r--p 00008000 08:05 6166417                    /usr/lib/x86_64-linux-gnu/libltdl.so.7.3.0
7ff233f34000-7ff233f35000 rw-p 00009000 08:05 6166417                    /usr/lib/x86_64-linux-gnu/libltdl.so.7.3.0
7ff233f35000-7ff233f46000 r-xp 00000000 08:05 6166423                    /usr/lib/x86_64-linux-gnu/libtdb.so.1.2.12
7ff233f46000-7ff234145000 ---p 00011000 08:05 6166423                    /usr/lib/x86_64-linux-gnu/libtdb.so.1.2.12
7ff234145000-7ff234146000 r--p 00010000 08:05 6166423                    /usr/lib/x86_64-linux-gnu/libtdb.so.1.2.12
7ff234146000-7ff234147000 rw-p 00011000 08:05 6166423                    /usr/lib/x86_64-linux-gnu/libtdb.so.1.2.12
7ff234147000-7ff23414e000 r-xp 00000000 08:05 6168146                    /usr/lib/x86_64-linux-gnu/libvorbisfile.so.3.3.4
7ff23414e000-7ff23434d000 ---p 00007000 08:05 6168146                    /usr/lib/x86_64-linux-gnu/libvorbisfile.so.3.3.4
7ff23434d000-7ff23434e000 r--p 00006000 08:05 6168146                    /usr/lib/x86_64-linux-gnu/libvorbisfile.so.3.3.4
7ff23434e000-7ff23434f000 rw-p 00007000 08:05 6168146                    /usr/lib/x86_64-linux-gnu/libvorbisfile.so.3.3.4
7ff23434f000-7ff23435e000 r-xp 00000000 08:05 6163761                    /usr/lib/x86_64-linux-gnu/libcanberra.so.0.2.5
7ff23435e000-7ff23455d000 ---p 0000f000 08:05 6163761                    /usr/lib/x86_64-linux-gnu/libcanberra.so.0.2.5
7ff23455d000-7ff23455e000 r--p 0000e000 08:05 6163761                    /usr/lib/x86_64-linux-gnu/libcanberra.so.0.2.5
7ff23455e000-7ff23455f000 rw-p 0000f000 08:05 6163761                    /usr/lib/x86_64-linux-gnu/libcanberra.so.0.2.5
7ff23455f000-7ff234563000 r-xp 00000000 08:05 6160506                    /usr/lib/x86_64-linux-gnu/libcanberra-gtk.so.0.1.9
7ff234563000-7ff234762000 ---p 00004000 08:05 6160506                    /usr/lib/x86_64-linux-gnu/libcanberra-gtk.so.0.1.9
7ff234762000-7ff234763000 r--p 00003000 08:05 6160506                    /usr/lib/x86_64-linux-gnu/libcanberra-gtk.so.0.1.9
7ff234763000-7ff234764000 rw-p 00004000 08:05 6160506                    /usr/lib/x86_64-linux-gnu/libcanberra-gtk.so.0.1.9
7ff234764000-7ff234769000 r-xp 00000000 08:05 6556120                    /usr/lib/x86_64-linux-gnu/gtk-2.0/modules/libcanberra-gtk-module.so
7ff234769000-7ff234968000 ---p 00005000 08:05 6556120                    /usr/lib/x86_64-linux-gnu/gtk-2.0/modules/libcanberra-gtk-module.so
7ff234968000-7ff234969000 r--p 00004000 08:05 6556120                    /usr/lib/x86_64-linux-gnu/gtk-2.0/modules/libcanberra-gtk-module.so
7ff234969000-7ff23496a000 rw-p 00005000 08:05 6556120                    /usr/lib/x86_64-linux-gnu/gtk-2.0/modules/libcanberra-gtk-module.so
7ff23496a000-7ff234999000 r-xp 00000000 08:05 6554969                    /usr/lib/x86_64-linux-gnu/gtk-2.0/2.10.0/engines/libmurrine.so
7ff234999000-7ff234b99000 ---p 0002f000 08:05 6554969                    /usr/lib/x86_64-linux-gnu/gtk-2.0/2.10.0/engines/libmurrine.so
7ff234b99000-7ff234b9a000 r--p 0002f000 08:05 6554969                    /usr/lib/x86_64-linux-gnu/gtk-2.0/2.10.0/engines/libmurrine.so
7ff234b9a000-7ff234b9b000 rw-p 00030000 08:05 6554969                    /usr/lib/x86_64-linux-gnu/gtk-2.0/2.10.0/engines/libmurrine.so
7ff234b9b000-7ff234bab000 r-xp 00000000 08:05 6161537                    /usr/lib/x86_64-linux-gnu/libunity-gtk2-parser.so.0.0.0
7ff234bab000-7ff234daa000 ---p 00010000 08:05 6161537                    /usr/lib/x86_64-linux-gnu/libunity-gtk2-parser.so.0.0.0
7ff234daa000-7ff234dab000 r--p 0000f000 08:05 6161537                    /usr/lib/x86_64-linux-gnu/libunity-gtk2-parser.so.0.0.0
7ff234dab000-7ff234dac000 rw-p 00010000 08:05 6161537                    /usr/lib/x86_64-linux-gnu/libunity-gtk2-parser.so.0.0.0
7ff234dac000-7ff234db1000 r-xp 00000000 08:05 6554391                    /usr/lib/x86_64-linux-gnu/gtk-2.0/modules/libunity-gtk-module.so
7ff234db1000-7ff234fb0000 ---p 00005000 08:05 6554391                    /usr/lib/x86_64-linux-gnu/gtk-2.0/modules/libunity-gtk-module.so
7ff234fb0000-7ff234fb1000 r--p 00004000 08:05 6554391                    /usr/lib/x86_64-linux-gnu/gtk-2.0/modules/libunity-gtk-module.so
7ff234fb1000-7ff234fb2000 rw-p 00005000 08:05 6554391                    /usr/lib/x86_64-linux-gnu/gtk-2.0/modules/libunity-gtk-module.so
7ff234fb2000-7ff234fc3000 r-xp 00000000 08:05 6554494                    /usr/lib/x86_64-linux-gnu/gtk-2.0/modules/liboverlay-scrollbar.so
7ff234fc3000-7ff2351c2000 ---p 00011000 08:05 6554494                    /usr/lib/x86_64-linux-gnu/gtk-2.0/modules/liboverlay-scrollbar.so
7ff2351c2000-7ff2351c3000 r--p 00010000 08:05 6554494                    /usr/lib/x86_64-linux-gnu/gtk-2.0/modules/liboverlay-scrollbar.so
7ff2351c3000-7ff2351c4000 rw-p 00011000 08:05 6554494                    /usr/lib/x86_64-linux-gnu/gtk-2.0/modules/liboverlay-scrollbar.so
7ff2351c4000-7ff2351ec000 r-xp 00000000 08:05 6304490                    /usr/lib/jvm/java-8-oracle/jre/lib/amd64/libglass.so
7ff2351ec000-7ff2353eb000 ---p 00028000 08:05 6304490                    /usr/lib/jvm/java-8-oracle/jre/lib/amd64/libglass.so
7ff2353eb000-7ff2353ed000 r--p 00027000 08:05 6304490                    /usr/lib/jvm/java-8-oracle/jre/lib/amd64/libglass.so
7ff2353ed000-7ff2353ee000 rw-p 00029000 08:05 6304490                    /usr/lib/jvm/java-8-oracle/jre/lib/amd64/libglass.so
7ff2353ee000-7ff235401000 r-xp 00000000 08:05 6304486                    /usr/lib/jvm/java-8-oracle/jre/lib/amd64/libprism_sw.so
7ff235401000-7ff235600000 ---p 00013000 08:05 6304486                    /usr/lib/jvm/java-8-oracle/jre/lib/amd64/libprism_sw.so
7ff235600000-7ff235601000 r--p 00012000 08:05 6304486                    /usr/lib/jvm/java-8-oracle/jre/lib/amd64/libprism_sw.so
7ff235601000-7ff235602000 rw-p 00013000 08:05 6304486                    /usr/lib/jvm/java-8-oracle/jre/lib/amd64/libprism_sw.so
7ff235602000-7ff235682000 rw-s 12f46e000 00:05 9488                      /dev/dri/card0
7ff235682000-7ff2356b9000 r-xp 00000000 08:05 6163418                    /usr/lib/x86_64-linux-gnu/libtxc_dxtn_s2tc.so.0.0.0
7ff2356b9000-7ff2358b8000 ---p 00037000 08:05 6163418                    /usr/lib/x86_64-linux-gnu/libtxc_dxtn_s2tc.so.0.0.0
7ff2358b8000-7ff2358b9000 r--p 00036000 08:05 6163418                    /usr/lib/x86_64-linux-gnu/libtxc_dxtn_s2tc.so.0.0.0
7ff2358b9000-7ff2358ba000 rw-p 00037000 08:05 6163418                    /usr/lib/x86_64-linux-gnu/libtxc_dxtn_s2tc.so.0.0.0
7ff2358ba000-7ff2358df000 r-xp 00000000 08:05 655688                     /lib/x86_64-linux-gnu/libtinfo.so.5.9
7ff2358df000-7ff235ade000 ---p 00025000 08:05 655688                     /lib/x86_64-linux-gnu/libtinfo.so.5.9
7ff235ade000-7ff235ae2000 r--p 00024000 08:05 655688                     /lib/x86_64-linux-gnu/libtinfo.so.5.9
7ff235ae2000-7ff235ae3000 rw-p 00028000 08:05 655688                     /lib/x86_64-linux-gnu/libtinfo.so.5.9
7ff235ae3000-7ff2372e1000 r-xp 00000000 08:05 6161752                    /usr/lib/x86_64-linux-gnu/libLLVM-3.4.so.1
7ff2372e1000-7ff23746f000 r--p 017fd000 08:05 6161752                    /usr/lib/x86_64-linux-gnu/libLLVM-3.4.so.1
7ff23746f000-7ff237471000 rw-p 0198b000 08:05 6161752                    /usr/lib/x86_64-linux-gnu/libLLVM-3.4.so.1
7ff237471000-7ff237484000 rw-p 00000000 00:00 0 
7ff237484000-7ff237489000 r-xp 00000000 08:05 6161609                    /usr/lib/x86_64-linux-gnu/libdrm_nouveau.so.2.0.0
7ff237489000-7ff237688000 ---p 00005000 08:05 6161609                    /usr/lib/x86_64-linux-gnu/libdrm_nouveau.so.2.0.0
7ff237688000-7ff237689000 r--p 00004000 08:05 6161609                    /usr/lib/x86_64-linux-gnu/libdrm_nouveau.so.2.0.0
7ff237689000-7ff23768a000 rw-p 00005000 08:05 6161609                    /usr/lib/x86_64-linux-gnu/libdrm_nouveau.so.2.0.0
7ff23768a000-7ff237873000 r-xp 00000000 08:05 6161267                    /usr/lib/x86_64-linux-gnu/libgallium.so.0.0.0
7ff237873000-7ff237a73000 ---p 001e9000 08:05 6161267                    /usr/lib/x86_64-linux-gnu/libgallium.so.0.0.0
7ff237a73000-7ff237a83000 r--p 001e9000 08:05 6161267                    /usr/lib/x86_64-linux-gnu/libgallium.so.0.0.0
7ff237a83000-7ff237a85000 rw-p 001f9000 08:05 6161267                    /usr/lib/x86_64-linux-gnu/libgallium.so.0.0.0
7ff237a85000-7ff237c4d000 rw-p 00000000 00:00 0 
7ff237c4d000-7ff238046000 r-xp 00000000 08:05 6556069                    /usr/lib/x86_64-linux-gnu/dri/nouveau_dri.so
7ff238046000-7ff238246000 ---p 003f9000 08:05 6556069                    /usr/lib/x86_64-linux-gnu/dri/nouveau_dri.so
7ff238246000-7ff238257000 r--p 003f9000 08:05 6556069                    /usr/lib/x86_64-linux-gnu/dri/nouveau_dri.so
7ff238257000-7ff23825f000 rw-p 0040a000 08:05 6556069                    /usr/lib/x86_64-linux-gnu/dri/nouveau_dri.so
7ff23825f000-7ff23827b000 rw-p 00000000 00:00 0 
7ff23827b000-7ff2382bf000 r-xp 00000000 08:05 655457                     /lib/x86_64-linux-gnu/libdbus-1.so.3.7.6
7ff2382bf000-7ff2384be000 ---p 00044000 08:05 655457                     /lib/x86_64-linux-gnu/libdbus-1.so.3.7.6
7ff2384be000-7ff2384bf000 r--p 00043000 08:05 655457                     /lib/x86_64-linux-gnu/libdbus-1.so.3.7.6
7ff2384bf000-7ff2384c0000 rw-p 00044000 08:05 655457                     /lib/x86_64-linux-gnu/libdbus-1.so.3.7.6
7ff2384c0000-7ff2384c8000 r-xp 00000000 08:05 655411                     /lib/x86_64-linux-gnu/libnih-dbus.so.1.0.0
7ff2384c8000-7ff2386c8000 ---p 00008000 08:05 655411                     /lib/x86_64-linux-gnu/libnih-dbus.so.1.0.0
7ff2386c8000-7ff2386c9000 r--p 00008000 08:05 655411                     /lib/x86_64-linux-gnu/libnih-dbus.so.1.0.0
7ff2386c9000-7ff2386ca000 rw-p 00009000 08:05 655411                     /lib/x86_64-linux-gnu/libnih-dbus.so.1.0.0
7ff2386ca000-7ff2386e1000 r-xp 00000000 08:05 655707                     /lib/x86_64-linux-gnu/libnih.so.1.0.0
7ff2386e1000-7ff2388e0000 ---p 00017000 08:05 655707                     /lib/x86_64-linux-gnu/libnih.so.1.0.0
7ff2388e0000-7ff2388e1000 r--p 00016000 08:05 655707                     /lib/x86_64-linux-gnu/libnih.so.1.0.0
7ff2388e1000-7ff2388e2000 rw-p 00017000 08:05 655707                     /lib/x86_64-linux-gnu/libnih.so.1.0.0
7ff2388e2000-7ff2388fb000 r-xp 00000000 08:05 655420                     /lib/x86_64-linux-gnu/libcgmanager.so.0.0.0
7ff2388fb000-7ff238afa000 ---p 00019000 08:05 655420                     /lib/x86_64-linux-gnu/libcgmanager.so.0.0.0
7ff238afa000-7ff238afc000 r--p 00018000 08:05 655420                     /lib/x86_64-linux-gnu/libcgmanager.so.0.0.0
7ff238afc000-7ff238afd000 rw-p 0001a000 08:05 655420                     /lib/x86_64-linux-gnu/libcgmanager.so.0.0.0
7ff238afd000-7ff238b0d000 r-xp 00000000 08:05 655625                     /lib/x86_64-linux-gnu/libudev.so.1.3.5
7ff238b0d000-7ff238d0c000 ---p 00010000 08:05 655625                     /lib/x86_64-linux-gnu/libudev.so.1.3.5
7ff238d0c000-7ff238d0d000 r--p 0000f000 08:05 655625                     /lib/x86_64-linux-gnu/libudev.so.1.3.5
7ff238d0d000-7ff238d0e000 rw-p 00010000 08:05 655625                     /lib/x86_64-linux-gnu/libudev.so.1.3.5
7ff238d0e000-7ff238d14000 r-xp 00000000 08:05 6164623                    /usr/lib/x86_64-linux-gnu/libdatrie.so.1.3.1
7ff238d14000-7ff238f13000 ---p 00006000 08:05 6164623                    /usr/lib/x86_64-linux-gnu/libdatrie.so.1.3.1
7ff238f13000-7ff238f14000 r--p 00005000 08:05 6164623                    /usr/lib/x86_64-linux-gnu/libdatrie.so.1.3.1
7ff238f14000-7ff238f15000 rw-p 00006000 08:05 6164623                    /usr/lib/x86_64-linux-gnu/libdatrie.so.1.3.1
7ff238f15000-7ff238f1a000 r-xp 00000000 08:05 6167759                    /usr/lib/x86_64-linux-gnu/libXdmcp.so.6.0.0
7ff238f1a000-7ff239119000 ---p 00005000 08:05 6167759                    /usr/lib/x86_64-linux-gnu/libXdmcp.so.6.0.0
7ff239119000-7ff23911a000 r--p 00004000 08:05 6167759                    /usr/lib/x86_64-linux-gnu/libXdmcp.so.6.0.0
7ff23911a000-7ff23911b000 rw-p 00005000 08:05 6167759                    /usr/lib/x86_64-linux-gnu/libXdmcp.so.6.0.0
7ff23911b000-7ff23911d000 r-xp 00000000 08:05 6163936                    /usr/lib/x86_64-linux-gnu/libXau.so.6.0.0
7ff23911d000-7ff23931d000 ---p 00002000 08:05 6163936                    /usr/lib/x86_64-linux-gnu/libXau.so.6.0.0
7ff23931d000-7ff23931e000 r--p 00002000 08:05 6163936                    /usr/lib/x86_64-linux-gnu/libXau.so.6.0.0
7ff23931e000-7ff23931f000 rw-p 00003000 08:05 6163936                    /usr/lib/x86_64-linux-gnu/libXau.so.6.0.0
7ff23931f000-7ff239339000 r-xp 00000000 08:05 6164039                    /usr/lib/x86_64-linux-gnu/libgraphite2.so.3.0.1
7ff239339000-7ff239538000 ---p 0001a000 08:05 6164039                    /usr/lib/x86_64-linux-gnu/libgraphite2.so.3.0.1
7ff239538000-7ff23953a000 r--p 00019000 08:05 6164039                    /usr/lib/x86_64-linux-gnu/libgraphite2.so.3.0.1
7ff23953a000-7ff23953b000 rw-p 0001b000 08:05 6164039                    /usr/lib/x86_64-linux-gnu/libgraphite2.so.3.0.1
7ff23953b000-7ff239546000 r-xp 00000000 08:05 6165119                    /usr/lib/x86_64-linux-gnu/libdrm.so.2.4.0
7ff239546000-7ff239745000 ---p 0000b000 08:05 6165119                    /usr/lib/x86_64-linux-gnu/libdrm.so.2.4.0
7ff239745000-7ff239746000 r--p 0000a000 08:05 6165119                    /usr/lib/x86_64-linux-gnu/libdrm.so.2.4.0
7ff239746000-7ff239747000 rw-p 0000b000 08:05 6165119                    /usr/lib/x86_64-linux-gnu/libdrm.so.2.4.0
7ff239747000-7ff239748000 r-xp 00000000 08:05 6164784                    /usr/lib/x86_64-linux-gnu/libxshmfence.so.1.0.0
7ff239748000-7ff239947000 ---p 00001000 08:05 6164784                    /usr/lib/x86_64-linux-gnu/libxshmfence.so.1.0.0
7ff239947000-7ff239948000 r--p 00000000 08:05 6164784                    /usr/lib/x86_64-linux-gnu/libxshmfence.so.1.0.0
7ff239948000-7ff239949000 rw-p 00001000 08:05 6164784                    /usr/lib/x86_64-linux-gnu/libxshmfence.so.1.0.0
7ff239949000-7ff23994e000 r-xp 00000000 08:05 6165197                    /usr/lib/x86_64-linux-gnu/libxcb-sync.so.1.0.0
7ff23994e000-7ff239b4d000 ---p 00005000 08:05 6165197                    /usr/lib/x86_64-linux-gnu/libxcb-sync.so.1.0.0
7ff239b4d000-7ff239b4e000 r--p 00004000 08:05 6165197                    /usr/lib/x86_64-linux-gnu/libxcb-sync.so.1.0.0
7ff239b4e000-7ff239b4f000 rw-p 00005000 08:05 6165197                    /usr/lib/x86_64-linux-gnu/libxcb-sync.so.1.0.0
7ff239b4f000-7ff239b51000 r-xp 00000000 08:05 6165195                    /usr/lib/x86_64-linux-gnu/libxcb-present.so.0.0.0
7ff239b51000-7ff239d50000 ---p 00002000 08:05 6165195                    /usr/lib/x86_64-linux-gnu/libxcb-present.so.0.0.0
7ff239d50000-7ff239d51000 r--p 00001000 08:05 6165195                    /usr/lib/x86_64-linux-gnu/libxcb-present.so.0.0.0
7ff239d51000-7ff239d52000 rw-p 00002000 08:05 6165195                    /usr/lib/x86_64-linux-gnu/libxcb-present.so.0.0.0
7ff239d52000-7ff239d54000 r-xp 00000000 08:05 6165193                    /usr/lib/x86_64-linux-gnu/libxcb-dri3.so.0.0.0
7ff239d54000-7ff239f53000 ---p 00002000 08:05 6165193                    /usr/lib/x86_64-linux-gnu/libxcb-dri3.so.0.0.0
7ff239f53000-7ff239f54000 r--p 00001000 08:05 6165193                    /usr/lib/x86_64-linux-gnu/libxcb-dri3.so.0.0.0
7ff239f54000-7ff239f55000 rw-p 00002000 08:05 6165193                    /usr/lib/x86_64-linux-gnu/libxcb-dri3.so.0.0.0
7ff239f55000-7ff239f58000 r-xp 00000000 08:05 6165143                    /usr/lib/x86_64-linux-gnu/libxcb-dri2.so.0.0.0
7ff239f58000-7ff23a158000 ---p 00003000 08:05 6165143                    /usr/lib/x86_64-linux-gnu/libxcb-dri2.so.0.0.0
7ff23a158000-7ff23a159000 r--p 00003000 08:05 6165143                    /usr/lib/x86_64-linux-gnu/libxcb-dri2.so.0.0.0
7ff23a159000-7ff23a15a000 rw-p 00004000 08:05 6165143                    /usr/lib/x86_64-linux-gnu/libxcb-dri2.so.0.0.0
7ff23a15a000-7ff23a16f000 r-xp 00000000 08:05 6165202                    /usr/lib/x86_64-linux-gnu/libxcb-glx.so.0.0.0
7ff23a16f000-7ff23a36e000 ---p 00015000 08:05 6165202                    /usr/lib/x86_64-linux-gnu/libxcb-glx.so.0.0.0
7ff23a36e000-7ff23a370000 r--p 00014000 08:05 6165202                    /usr/lib/x86_64-linux-gnu/libxcb-glx.so.0.0.0
7ff23a370000-7ff23a371000 rw-p 00016000 08:05 6165202                    /usr/lib/x86_64-linux-gnu/libxcb-glx.so.0.0.0
7ff23a371000-7ff23a372000 r-xp 00000000 08:05 6165141                    /usr/lib/x86_64-linux-gnu/libX11-xcb.so.1.0.0
7ff23a372000-7ff23a571000 ---p 00001000 08:05 6165141                    /usr/lib/x86_64-linux-gnu/libX11-xcb.so.1.0.0
7ff23a571000-7ff23a572000 r--p 00000000 08:05 6165141                    /usr/lib/x86_64-linux-gnu/libX11-xcb.so.1.0.0
7ff23a572000-7ff23a573000 rw-p 00001000 08:05 6165141                    /usr/lib/x86_64-linux-gnu/libX11-xcb.so.1.0.0
7ff23a573000-7ff23a595000 r-xp 00000000 08:05 6165191                    /usr/lib/x86_64-linux-gnu/libglapi.so.0.0.0
7ff23a595000-7ff23a795000 ---p 00022000 08:05 6165191                    /usr/lib/x86_64-linux-gnu/libglapi.so.0.0.0
7ff23a795000-7ff23a798000 r--p 00022000 08:05 6165191                    /usr/lib/x86_64-linux-gnu/libglapi.so.0.0.0
7ff23a798000-7ff23a799000 rw-p 00025000 08:05 6165191                    /usr/lib/x86_64-linux-gnu/libglapi.so.0.0.0
7ff23a799000-7ff23a79a000 rw-p 00000000 00:00 0 
7ff23a79a000-7ff23a7d7000 r-xp 00000000 08:05 655644                     /lib/x86_64-linux-gnu/libpcre.so.3.13.1
7ff23a7d7000-7ff23a9d6000 ---p 0003d000 08:05 655644                     /lib/x86_64-linux-gnu/libpcre.so.3.13.1
7ff23a9d6000-7ff23a9d7000 r--p 0003c000 08:05 655644                     /lib/x86_64-linux-gnu/libpcre.so.3.13.1
7ff23a9d7000-7ff23a9d8000 rw-p 0003d000 08:05 655644                     /lib/x86_64-linux-gnu/libpcre.so.3.13.1
7ff23a9d8000-7ff23a9df000 r-xp 00000000 08:05 6160617                    /usr/lib/x86_64-linux-gnu/libffi.so.6.0.1
7ff23a9df000-7ff23abde000 ---p 00007000 08:05 6160617                    /usr/lib/x86_64-linux-gnu/libffi.so.6.0.1
7ff23abde000-7ff23abdf000 r--p 00006000 08:05 6160617                    /usr/lib/x86_64-linux-gnu/libffi.so.6.0.1
7ff23abdf000-7ff23abe0000 rw-p 00007000 08:05 6160617                    /usr/lib/x86_64-linux-gnu/libffi.so.6.0.1
7ff23abe0000-7ff23ac07000 r-xp 00000000 08:05 655672                     /lib/x86_64-linux-gnu/libexpat.so.1.6.0
7ff23ac07000-7ff23ae07000 ---p 00027000 08:05 655672                     /lib/x86_64-linux-gnu/libexpat.so.1.6.0
7ff23ae07000-7ff23ae09000 r--p 00027000 08:05 655672                     /lib/x86_64-linux-gnu/libexpat.so.1.6.0
7ff23ae09000-7ff23ae0a000 rw-p 00029000 08:05 655672                     /lib/x86_64-linux-gnu/libexpat.so.1.6.0
7ff23ae0a000-7ff23ae12000 r-xp 00000000 08:05 6161732                    /usr/lib/x86_64-linux-gnu/libthai.so.0.2.0
7ff23ae12000-7ff23b011000 ---p 00008000 08:05 6161732                    /usr/lib/x86_64-linux-gnu/libthai.so.0.2.0
7ff23b011000-7ff23b012000 r--p 00007000 08:05 6161732                    /usr/lib/x86_64-linux-gnu/libthai.so.0.2.0
7ff23b012000-7ff23b013000 rw-p 00008000 08:05 6161732                    /usr/lib/x86_64-linux-gnu/libthai.so.0.2.0
7ff23b013000-7ff23b030000 r-xp 00000000 08:05 6168232                    /usr/lib/x86_64-linux-gnu/libxcb.so.1.1.0
7ff23b030000-7ff23b230000 ---p 0001d000 08:05 6168232                    /usr/lib/x86_64-linux-gnu/libxcb.so.1.1.0
7ff23b230000-7ff23b231000 r--p 0001d000 08:05 6168232                    /usr/lib/x86_64-linux-gnu/libxcb.so.1.1.0
7ff23b231000-7ff23b232000 rw-p 0001e000 08:05 6168232                    /usr/lib/x86_64-linux-gnu/libxcb.so.1.1.0
7ff23b232000-7ff23b23a000 r-xp 00000000 08:05 6165569                    /usr/lib/x86_64-linux-gnu/libxcb-render.so.0.0.0
7ff23b23a000-7ff23b439000 ---p 00008000 08:05 6165569                    /usr/lib/x86_64-linux-gnu/libxcb-render.so.0.0.0
7ff23b439000-7ff23b43a000 r--p 00007000 08:05 6165569                    /usr/lib/x86_64-linux-gnu/libxcb-render.so.0.0.0
7ff23b43a000-7ff23b43b000 rw-p 00008000 08:05 6165569                    /usr/lib/x86_64-linux-gnu/libxcb-render.so.0.0.0
7ff23b43b000-7ff23b43d000 r-xp 00000000 08:05 6165575                    /usr/lib/x86_64-linux-gnu/libxcb-shm.so.0.0.0
7ff23b43d000-7ff23b63c000 ---p 00002000 08:05 6165575                    /usr/lib/x86_64-linux-gnu/libxcb-shm.so.0.0.0
7ff23b63c000-7ff23b63d000 r--p 00001000 08:05 6165575                    /usr/lib/x86_64-linux-gnu/libxcb-shm.so.0.0.0
7ff23b63d000-7ff23b63e000 rw-p 00002000 08:05 6165575                    /usr/lib/x86_64-linux-gnu/libxcb-shm.so.0.0.0
7ff23b63e000-7ff23b663000 r-xp 00000000 08:05 655676                     /lib/x86_64-linux-gnu/libpng12.so.0.50.0
7ff23b663000-7ff23b862000 ---p 00025000 08:05 655676                     /lib/x86_64-linux-gnu/libpng12.so.0.50.0
7ff23b862000-7ff23b863000 r--p 00024000 08:05 655676                     /lib/x86_64-linux-gnu/libpng12.so.0.50.0
7ff23b863000-7ff23b864000 rw-p 00025000 08:05 655676                     /lib/x86_64-linux-gnu/libpng12.so.0.50.0
7ff23b864000-7ff23b905000 r-xp 00000000 08:05 6165564                    /usr/lib/x86_64-linux-gnu/libpixman-1.so.0.30.2
7ff23b905000-7ff23bb05000 ---p 000a1000 08:05 6165564                    /usr/lib/x86_64-linux-gnu/libpixman-1.so.0.30.2
7ff23bb05000-7ff23bb0c000 r--p 000a1000 08:05 6165564                    /usr/lib/x86_64-linux-gnu/libpixman-1.so.0.30.2
7ff23bb0c000-7ff23bb0d000 rw-p 000a8000 08:05 6165564                    /usr/lib/x86_64-linux-gnu/libpixman-1.so.0.30.2
7ff23bb0d000-7ff23bb60000 r-xp 00000000 08:05 6163776                    /usr/lib/x86_64-linux-gnu/libharfbuzz.so.0.927.0
7ff23bb60000-7ff23bd60000 ---p 00053000 08:05 6163776                    /usr/lib/x86_64-linux-gnu/libharfbuzz.so.0.927.0
7ff23bd60000-7ff23bd61000 r--p 00053000 08:05 6163776                    /usr/lib/x86_64-linux-gnu/libharfbuzz.so.0.927.0
7ff23bd61000-7ff23bd62000 rw-p 00054000 08:05 6163776                    /usr/lib/x86_64-linux-gnu/libharfbuzz.so.0.927.0
7ff23bd62000-7ff23bd79000 r-xp 00000000 08:05 655438                     /lib/x86_64-linux-gnu/libresolv-2.19.so
7ff23bd79000-7ff23bf79000 ---p 00017000 08:05 655438                     /lib/x86_64-linux-gnu/libresolv-2.19.so
7ff23bf79000-7ff23bf7a000 r--p 00017000 08:05 655438                     /lib/x86_64-linux-gnu/libresolv-2.19.so
7ff23bf7a000-7ff23bf7b000 rw-p 00018000 08:05 655438                     /lib/x86_64-linux-gnu/libresolv-2.19.so
7ff23bf7b000-7ff23bf7d000 rw-p 00000000 00:00 0 
7ff23bf7d000-7ff23bf9d000 r-xp 00000000 08:05 655642                     /lib/x86_64-linux-gnu/libselinux.so.1
7ff23bf9d000-7ff23c19c000 ---p 00020000 08:05 655642                     /lib/x86_64-linux-gnu/libselinux.so.1
7ff23c19c000-7ff23c19d000 r--p 0001f000 08:05 655642                     /lib/x86_64-linux-gnu/libselinux.so.1
7ff23c19d000-7ff23c19e000 rw-p 00020000 08:05 655642                     /lib/x86_64-linux-gnu/libselinux.so.1
7ff23c19e000-7ff23c1a0000 rw-p 00000000 00:00 0 
7ff23c1a0000-7ff23c1b8000 r-xp 00000000 08:05 658410                     /lib/x86_64-linux-gnu/libz.so.1.2.8
7ff23c1b8000-7ff23c3b7000 ---p 00018000 08:05 658410                     /lib/x86_64-linux-gnu/libz.so.1.2.8
7ff23c3b7000-7ff23c3b8000 r--p 00017000 08:05 658410                     /lib/x86_64-linux-gnu/libz.so.1.2.8
7ff23c3b8000-7ff23c3b9000 rw-p 00018000 08:05 658410                     /lib/x86_64-linux-gnu/libz.so.1.2.8
7ff23c3b9000-7ff23c3ca000 r-xp 00000000 08:05 6165549                    /usr/lib/x86_64-linux-gnu/libXext.so.6.4.0
7ff23c3ca000-7ff23c5c9000 ---p 00011000 08:05 6165549                    /usr/lib/x86_64-linux-gnu/libXext.so.6.4.0
7ff23c5c9000-7ff23c5ca000 r--p 00010000 08:05 6165549                    /usr/lib/x86_64-linux-gnu/libXext.so.6.4.0
7ff23c5ca000-7ff23c5cb000 rw-p 00011000 08:05 6165549                    /usr/lib/x86_64-linux-gnu/libXext.so.6.4.0
7ff23c5cb000-7ff23c5cd000 r-xp 00000000 08:05 6166223                    /usr/lib/x86_64-linux-gnu/libXdamage.so.1.1.0
7ff23c5cd000-7ff23c7cc000 ---p 00002000 08:05 6166223                    /usr/lib/x86_64-linux-gnu/libXdamage.so.1.1.0
7ff23c7cc000-7ff23c7cd000 r--p 00001000 08:05 6166223                    /usr/lib/x86_64-linux-gnu/libXdamage.so.1.1.0
7ff23c7cd000-7ff23c7ce000 rw-p 00002000 08:05 6166223                    /usr/lib/x86_64-linux-gnu/libXdamage.so.1.1.0
7ff23c7ce000-7ff23c7d0000 r-xp 00000000 08:05 6166900                    /usr/lib/x86_64-linux-gnu/libXcomposite.so.1.0.0
7ff23c7d0000-7ff23c9cf000 ---p 00002000 08:05 6166900                    /usr/lib/x86_64-linux-gnu/libXcomposite.so.1.0.0
7ff23c9cf000-7ff23c9d0000 r--p 00001000 08:05 6166900                    /usr/lib/x86_64-linux-gnu/libXcomposite.so.1.0.0
7ff23c9d0000-7ff23c9d1000 rw-p 00002000 08:05 6166900                    /usr/lib/x86_64-linux-gnu/libXcomposite.so.1.0.0
7ff23c9d1000-7ff23c9da000 r-xp 00000000 08:05 6166218                    /usr/lib/x86_64-linux-gnu/libXcursor.so.1.0.2
7ff23c9da000-7ff23cbd9000 ---p 00009000 08:05 6166218                    /usr/lib/x86_64-linux-gnu/libXcursor.so.1.0.2
7ff23cbd9000-7ff23cbda000 r--p 00008000 08:05 6166218                    /usr/lib/x86_64-linux-gnu/libXcursor.so.1.0.2
7ff23cbda000-7ff23cbdb000 rw-p 00009000 08:05 6166218                    /usr/lib/x86_64-linux-gnu/libXcursor.so.1.0.2
7ff23cbdb000-7ff23cbe4000 r-xp 00000000 08:05 6166072                    /usr/lib/x86_64-linux-gnu/libXrandr.so.2.2.0
7ff23cbe4000-7ff23cde3000 ---p 00009000 08:05 6166072                    /usr/lib/x86_64-linux-gnu/libXrandr.so.2.2.0
7ff23cde3000-7ff23cde4000 r--p 00008000 08:05 6166072                    /usr/lib/x86_64-linux-gnu/libXrandr.so.2.2.0
7ff23cde4000-7ff23cde5000 rw-p 00009000 08:05 6166072                    /usr/lib/x86_64-linux-gnu/libXrandr.so.2.2.0
7ff23cde5000-7ff23cdf4000 r-xp 00000000 08:05 6164086                    /usr/lib/x86_64-linux-gnu/libXi.so.6.1.0
7ff23cdf4000-7ff23cff3000 ---p 0000f000 08:05 6164086                    /usr/lib/x86_64-linux-gnu/libXi.so.6.1.0
7ff23cff3000-7ff23cff4000 r--p 0000e000 08:05 6164086                    /usr/lib/x86_64-linux-gnu/libXi.so.6.1.0
7ff23cff4000-7ff23cff5000 rw-p 0000f000 08:05 6164086                    /usr/lib/x86_64-linux-gnu/libXi.so.6.1.0
7ff23cff5000-7ff23cff7000 r-xp 00000000 08:05 6166070                    /usr/lib/x86_64-linux-gnu/libXinerama.so.1.0.0
7ff23cff7000-7ff23d1f6000 ---p 00002000 08:05 6166070                    /usr/lib/x86_64-linux-gnu/libXinerama.so.1.0.0
7ff23d1f6000-7ff23d1f7000 r--p 00001000 08:05 6166070                    /usr/lib/x86_64-linux-gnu/libXinerama.so.1.0.0
7ff23d1f7000-7ff23d1f8000 rw-p 00002000 08:05 6166070                    /usr/lib/x86_64-linux-gnu/libXinerama.so.1.0.0
7ff23d1f8000-7ff23d201000 r-xp 00000000 08:05 6165794                    /usr/lib/x86_64-linux-gnu/libXrender.so.1.3.0
7ff23d201000-7ff23d400000 ---p 00009000 08:05 6165794                    /usr/lib/x86_64-linux-gnu/libXrender.so.1.3.0
7ff23d400000-7ff23d401000 r--p 00008000 08:05 6165794                    /usr/lib/x86_64-linux-gnu/libXrender.so.1.3.0
7ff23d401000-7ff23d402000 rw-p 00009000 08:05 6165794                    /usr/lib/x86_64-linux-gnu/libXrender.so.1.3.0
7ff23d402000-7ff23d407000 r-xp 00000000 08:05 6161284                    /usr/lib/x86_64-linux-gnu/libXfixes.so.3.1.0
7ff23d407000-7ff23d606000 ---p 00005000 08:05 6161284                    /usr/lib/x86_64-linux-gnu/libXfixes.so.3.1.0
7ff23d606000-7ff23d607000 r--p 00004000 08:05 6161284                    /usr/lib/x86_64-linux-gnu/libXfixes.so.3.1.0
7ff23d607000-7ff23d608000 rw-p 00005000 08:05 6161284                    /usr/lib/x86_64-linux-gnu/libXfixes.so.3.1.0
7ff23d608000-7ff23d61e000 r-xp 00000000 08:05 655622                     /lib/x86_64-linux-gnu/libgcc_s.so.1
7ff23d61e000-7ff23d81d000 ---p 00016000 08:05 655622                     /lib/x86_64-linux-gnu/libgcc_s.so.1
7ff23d81d000-7ff23d81e000 rw-p 00015000 08:05 655622                     /lib/x86_64-linux-gnu/libgcc_s.so.1
7ff23d81e000-7ff23d904000 r-xp 00000000 08:05 6161461                    /usr/lib/x86_64-linux-gnu/libstdc++.so.6.0.19
7ff23d904000-7ff23db03000 ---p 000e6000 08:05 6161461                    /usr/lib/x86_64-linux-gnu/libstdc++.so.6.0.19
7ff23db03000-7ff23db0b000 r--p 000e5000 08:05 6161461                    /usr/lib/x86_64-linux-gnu/libstdc++.so.6.0.19
7ff23db0b000-7ff23db0d000 rw-p 000ed000 08:05 6161461                    /usr/lib/x86_64-linux-gnu/libstdc++.so.6.0.19
7ff23db0d000-7ff23db22000 rw-p 00000000 00:00 0 
7ff23db22000-7ff23db84000 r-xp 00000000 08:05 6553644                    /usr/lib/x86_64-linux-gnu/mesa/libGL.so.1.2.0
7ff23db84000-7ff23dd83000 ---p 00062000 08:05 6553644                    /usr/lib/x86_64-linux-gnu/mesa/libGL.so.1.2.0
7ff23dd83000-7ff23dd86000 r--p 00061000 08:05 6553644                    /usr/lib/x86_64-linux-gnu/mesa/libGL.so.1.2.0
7ff23dd86000-7ff23dd87000 rw-p 00064000 08:05 6553644                    /usr/lib/x86_64-linux-gnu/mesa/libGL.so.1.2.0
7ff23dd87000-7ff23dd88000 rw-p 00000000 00:00 0 
7ff23dd88000-7ff23dd8c000 r-xp 00000000 08:05 6166098                    /usr/lib/x86_64-linux-gnu/libXxf86vm.so.1.0.0
7ff23dd8c000-7ff23df8c000 ---p 00004000 08:05 6166098                    /usr/lib/x86_64-linux-gnu/libXxf86vm.so.1.0.0
7ff23df8c000-7ff23df8d000 r--p 00004000 08:05 6166098                    /usr/lib/x86_64-linux-gnu/libXxf86vm.so.1.0.0
7ff23df8d000-7ff23df8e000 rw-p 00005000 08:05 6166098                    /usr/lib/x86_64-linux-gnu/libXxf86vm.so.1.0.0
7ff23df8e000-7ff23e0be000 r-xp 00000000 08:05 6167415                    /usr/lib/x86_64-linux-gnu/libX11.so.6.3.0
7ff23e0be000-7ff23e2be000 ---p 00130000 08:05 6167415                    /usr/lib/x86_64-linux-gnu/libX11.so.6.3.0
7ff23e2be000-7ff23e2bf000 r--p 00130000 08:05 6167415                    /usr/lib/x86_64-linux-gnu/libX11.so.6.3.0
7ff23e2bf000-7ff23e2c3000 rw-p 00131000 08:05 6167415                    /usr/lib/x86_64-linux-gnu/libX11.so.6.3.0
7ff23e2c3000-7ff23e2c8000 r-xp 00000000 08:05 6165552                    /usr/lib/x86_64-linux-gnu/libXtst.so.6.1.0
7ff23e2c8000-7ff23e4c7000 ---p 00005000 08:05 6165552                    /usr/lib/x86_64-linux-gnu/libXtst.so.6.1.0
7ff23e4c7000-7ff23e4c8000 r--p 00004000 08:05 6165552                    /usr/lib/x86_64-linux-gnu/libXtst.so.6.1.0
7ff23e4c8000-7ff23e4c9000 rw-p 00005000 08:05 6165552                    /usr/lib/x86_64-linux-gnu/libXtst.so.6.1.0
7ff23e4c9000-7ff23e5cf000 r-xp 00000000 08:05 655384                     /lib/x86_64-linux-gnu/libglib-2.0.so.0.4000.0
7ff23e5cf000-7ff23e7ce000 ---p 00106000 08:05 655384                     /lib/x86_64-linux-gnu/libglib-2.0.so.0.4000.0
7ff23e7ce000-7ff23e7cf000 r--p 00105000 08:05 655384                     /lib/x86_64-linux-gnu/libglib-2.0.so.0.4000.0
7ff23e7cf000-7ff23e7d0000 rw-p 00106000 08:05 655384                     /lib/x86_64-linux-gnu/libglib-2.0.so.0.4000.0
7ff23e7d0000-7ff23e7d1000 rw-p 00000000 00:00 0 
7ff23e7d1000-7ff23e7d2000 r-xp 00000000 08:05 6165958                    /usr/lib/x86_64-linux-gnu/libgthread-2.0.so.0.4000.0
7ff23e7d2000-7ff23e9d1000 ---p 00001000 08:05 6165958                    /usr/lib/x86_64-linux-gnu/libgthread-2.0.so.0.4000.0
7ff23e9d1000-7ff23e9d2000 r--p 00000000 08:05 6165958                    /usr/lib/x86_64-linux-gnu/libgthread-2.0.so.0.4000.0
7ff23e9d2000-7ff23e9d3000 rw-p 00001000 08:05 6165958                    /usr/lib/x86_64-linux-gnu/libgthread-2.0.so.0.4000.0
7ff23e9d3000-7ff23e9d6000 r-xp 00000000 08:05 6165956                    /usr/lib/x86_64-linux-gnu/libgmodule-2.0.so.0.4000.0
7ff23e9d6000-7ff23ebd5000 ---p 00003000 08:05 6165956                    /usr/lib/x86_64-linux-gnu/libgmodule-2.0.so.0.4000.0
7ff23ebd5000-7ff23ebd6000 r--p 00002000 08:05 6165956                    /usr/lib/x86_64-linux-gnu/libgmodule-2.0.so.0.4000.0
7ff23ebd6000-7ff23ebd7000 rw-p 00003000 08:05 6165956                    /usr/lib/x86_64-linux-gnu/libgmodule-2.0.so.0.4000.0
7ff23ebd7000-7ff23ec26000 r-xp 00000000 08:05 6161420                    /usr/lib/x86_64-linux-gnu/libgobject-2.0.so.0.4000.0
7ff23ec26000-7ff23ee26000 ---p 0004f000 08:05 6161420                    /usr/lib/x86_64-linux-gnu/libgobject-2.0.so.0.4000.0
7ff23ee26000-7ff23ee27000 r--p 0004f000 08:05 6161420                    /usr/lib/x86_64-linux-gnu/libgobject-2.0.so.0.4000.0
7ff23ee27000-7ff23ee28000 rw-p 00050000 08:05 6161420                    /usr/lib/x86_64-linux-gnu/libgobject-2.0.so.0.4000.0
7ff23ee28000-7ff23ee62000 r-xp 00000000 08:05 6162172                    /usr/lib/x86_64-linux-gnu/libfontconfig.so.1.8.0
7ff23ee62000-7ff23f061000 ---p 0003a000 08:05 6162172                    /usr/lib/x86_64-linux-gnu/libfontconfig.so.1.8.0
7ff23f061000-7ff23f063000 r--p 00039000 08:05 6162172                    /usr/lib/x86_64-linux-gnu/libfontconfig.so.1.8.0
7ff23f063000-7ff23f064000 rw-p 0003b000 08:05 6162172                    /usr/lib/x86_64-linux-gnu/libfontconfig.so.1.8.0
7ff23f064000-7ff23f101000 r-xp 00000000 08:05 6167782                    /usr/lib/x86_64-linux-gnu/libfreetype.so.6.11.1
7ff23f101000-7ff23f300000 ---p 0009d000 08:05 6167782                    /usr/lib/x86_64-linux-gnu/libfreetype.so.6.11.1
7ff23f300000-7ff23f306000 r--p 0009c000 08:05 6167782                    /usr/lib/x86_64-linux-gnu/libfreetype.so.6.11.1
7ff23f306000-7ff23f307000 rw-p 000a2000 08:05 6167782                    /usr/lib/x86_64-linux-gnu/libfreetype.so.6.11.1
7ff23f307000-7ff23f351000 r-xp 00000000 08:05 6161064                    /usr/lib/x86_64-linux-gnu/libpango-1.0.so.0.3600.3
7ff23f351000-7ff23f551000 ---p 0004a000 08:05 6161064                    /usr/lib/x86_64-linux-gnu/libpango-1.0.so.0.3600.3
7ff23f551000-7ff23f553000 r--p 0004a000 08:05 6161064                    /usr/lib/x86_64-linux-gnu/libpango-1.0.so.0.3600.3
7ff23f553000-7ff23f554000 rw-p 0004c000 08:05 6161064                    /usr/lib/x86_64-linux-gnu/libpango-1.0.so.0.3600.3
7ff23f554000-7ff23f65a000 r-xp 00000000 08:05 6163441                    /usr/lib/x86_64-linux-gnu/libcairo.so.2.11301.0
7ff23f65a000-7ff23f859000 ---p 00106000 08:05 6163441                    /usr/lib/x86_64-linux-gnu/libcairo.so.2.11301.0
7ff23f859000-7ff23f85c000 r--p 00105000 08:05 6163441                    /usr/lib/x86_64-linux-gnu/libcairo.so.2.11301.0
7ff23f85c000-7ff23f85d000 rw-p 00108000 08:05 6163441                    /usr/lib/x86_64-linux-gnu/libcairo.so.2.11301.0
7ff23f85d000-7ff23f85f000 rw-p 00000000 00:00 0 
7ff23f85f000-7ff23f86a000 r-xp 00000000 08:05 6165685                    /usr/lib/x86_64-linux-gnu/libpangocairo-1.0.so.0.3600.3
7ff23f86a000-7ff23fa6a000 ---p 0000b000 08:05 6165685                    /usr/lib/x86_64-linux-gnu/libpangocairo-1.0.so.0.3600.3
7ff23fa6a000-7ff23fa6b000 r--p 0000b000 08:05 6165685                    /usr/lib/x86_64-linux-gnu/libpangocairo-1.0.so.0.3600.3
7ff23fa6b000-7ff23fa6c000 rw-p 0000c000 08:05 6165685                    /usr/lib/x86_64-linux-gnu/libpangocairo-1.0.so.0.3600.3
7ff23fa6c000-7ff23fa8b000 r-xp 00000000 08:05 6164037                    /usr/lib/x86_64-linux-gnu/libgdk_pixbuf-2.0.so.0.3000.7
7ff23fa8b000-7ff23fc8b000 ---p 0001f000 08:05 6164037                    /usr/lib/x86_64-linux-gnu/libgdk_pixbuf-2.0.so.0.3000.7
7ff23fc8b000-7ff23fc8c000 r--p 0001f000 08:05 6164037                    /usr/lib/x86_64-linux-gnu/libgdk_pixbuf-2.0.so.0.3000.7
7ff23fc8c000-7ff23fc8d000 rw-p 00020000 08:05 6164037                    /usr/lib/x86_64-linux-gnu/libgdk_pixbuf-2.0.so.0.3000.7
7ff23fc8d000-7ff23fdf8000 r-xp 00000000 08:05 6165955                    /usr/lib/x86_64-linux-gnu/libgio-2.0.so.0.4000.0
7ff23fdf8000-7ff23fff8000 ---p 0016b000 08:05 6165955                    /usr/lib/x86_64-linux-gnu/libgio-2.0.so.0.4000.0
7ff23fff8000-7ff23fffc000 r--p 0016b000 08:05 6165955                    /usr/lib/x86_64-linux-gnu/libgio-2.0.so.0.4000.0
7ff23fffc000-7ff23fffe000 rw-p 0016f000 08:05 6165955                    /usr/lib/x86_64-linux-gnu/libgio-2.0.so.0.4000.0
7ff23fffe000-7ff240000000 rw-p 00000000 00:00 0 
7ff240000000-7ff240021000 rw-p 00000000 00:00 0 
7ff240021000-7ff244000000 ---p 00000000 00:00 0 
7ff244000000-7ff2441e5000 rw-p 00000000 00:00 0 
7ff2441e5000-7ff248000000 ---p 00000000 00:00 0 
7ff248000000-7ff2484ca000 rw-p 00000000 00:00 0 
7ff2484ca000-7ff24c000000 ---p 00000000 00:00 0 
7ff24c000000-7ff24c021000 rw-p 00000000 00:00 0 
7ff24c021000-7ff250000000 ---p 00000000 00:00 0 
7ff250000000-7ff250550000 rw-p 00000000 00:00 0 
7ff250550000-7ff254000000 ---p 00000000 00:00 0 
7ff254000000-7ff254571000 rw-p 00000000 00:00 0 
7ff254571000-7ff258000000 ---p 00000000 00:00 0 
7ff258000000-7ff258021000 rw-p 00000000 00:00 0 
7ff258021000-7ff25c000000 ---p 00000000 00:00 0 
7ff25c000000-7ff25c50c000 rw-p 00000000 00:00 0 
7ff25c50c000-7ff260000000 ---p 00000000 00:00 0 
7ff260000000-7ff260021000 rw-p 00000000 00:00 0 
7ff260021000-7ff264000000 ---p 00000000 00:00 0 
7ff264000000-7ff264021000 rw-p 00000000 00:00 0 
7ff264021000-7ff268000000 ---p 00000000 00:00 0 
7ff268000000-7ff268021000 rw-p 00000000 00:00 0 
7ff268021000-7ff26c000000 ---p 00000000 00:00 0 
7ff26c000000-7ff26c001000 r--s 00000000 08:05 9964673                    /var/cache/fontconfig/dc05db6664285cc2f12bf69c139ae4c3-le64.cache-4
7ff26c001000-7ff26c014000 r--s 00000000 08:05 9964643                    /var/cache/fontconfig/d52a8644073d54c13679302ca1180695-le64.cache-4
7ff26c014000-7ff26c01c000 r--s 00000000 08:05 9964629                    /var/cache/fontconfig/3f7329c5293ffd510edef78f73874cfd-le64.cache-4
7ff26c01c000-7ff26c03a000 r--s 00000000 08:05 9963282                    /var/cache/fontconfig/467c019e582ee353435ea5c21d137ef6-le64.cache-4
7ff26c03a000-7ff26c04e000 r-xp 00000000 08:05 6165665                    /usr/lib/x86_64-linux-gnu/libpangoft2-1.0.so.0.3600.3
7ff26c04e000-7ff26c24d000 ---p 00014000 08:05 6165665                    /usr/lib/x86_64-linux-gnu/libpangoft2-1.0.so.0.3600.3
7ff26c24d000-7ff26c24e000 r--p 00013000 08:05 6165665                    /usr/lib/x86_64-linux-gnu/libpangoft2-1.0.so.0.3600.3
7ff26c24e000-7ff26c24f000 rw-p 00014000 08:05 6165665                    /usr/lib/x86_64-linux-gnu/libpangoft2-1.0.so.0.3600.3
7ff26c24f000-7ff26c26e000 r-xp 00000000 08:05 6161359                    /usr/lib/x86_64-linux-gnu/libatk-1.0.so.0.21009.1
7ff26c26e000-7ff26c46e000 ---p 0001f000 08:05 6161359                    /usr/lib/x86_64-linux-gnu/libatk-1.0.so.0.21009.1
7ff26c46e000-7ff26c470000 r--p 0001f000 08:05 6161359                    /usr/lib/x86_64-linux-gnu/libatk-1.0.so.0.21009.1
7ff26c470000-7ff26c471000 rw-p 00021000 08:05 6161359                    /usr/lib/x86_64-linux-gnu/libatk-1.0.so.0.21009.1
7ff26c471000-7ff26c51e000 r-xp 00000000 08:05 6161242                    /usr/lib/x86_64-linux-gnu/libgdk-x11-2.0.so.0.2400.23
7ff26c51e000-7ff26c71d000 ---p 000ad000 08:05 6161242                    /usr/lib/x86_64-linux-gnu/libgdk-x11-2.0.so.0.2400.23
7ff26c71d000-7ff26c721000 r--p 000ac000 08:05 6161242                    /usr/lib/x86_64-linux-gnu/libgdk-x11-2.0.so.0.2400.23
7ff26c721000-7ff26c723000 rw-p 000b0000 08:05 6161242                    /usr/lib/x86_64-linux-gnu/libgdk-x11-2.0.so.0.2400.23
7ff26c723000-7ff26cb52000 r-xp 00000000 08:05 6161241                    /usr/lib/x86_64-linux-gnu/libgtk-x11-2.0.so.0.2400.23
7ff26cb52000-7ff26cd51000 ---p 0042f000 08:05 6161241                    /usr/lib/x86_64-linux-gnu/libgtk-x11-2.0.so.0.2400.23
7ff26cd51000-7ff26cd58000 r--p 0042e000 08:05 6161241                    /usr/lib/x86_64-linux-gnu/libgtk-x11-2.0.so.0.2400.23
7ff26cd58000-7ff26cd5c000 rw-p 00435000 08:05 6161241                    /usr/lib/x86_64-linux-gnu/libgtk-x11-2.0.so.0.2400.23
7ff26cd5c000-7ff26cd5f000 rw-p 00000000 00:00 0 
7ff26cd5f000-7ff26cd6b000 r-xp 00000000 08:05 6304457                    /usr/lib/jvm/java-8-oracle/jre/lib/amd64/libprism_es2.so
7ff26cd6b000-7ff26cf6a000 ---p 0000c000 08:05 6304457                    /usr/lib/jvm/java-8-oracle/jre/lib/amd64/libprism_es2.so
7ff26cf6a000-7ff26cf6b000 r--p 0000b000 08:05 6304457                    /usr/lib/jvm/java-8-oracle/jre/lib/amd64/libprism_es2.so
7ff26cf6b000-7ff26cf6c000 rw-p 0000c000 08:05 6304457                    /usr/lib/jvm/java-8-oracle/jre/lib/amd64/libprism_es2.so
7ff26cf6c000-7ff26cf6f000 ---p 00000000 00:00 0 
7ff26cf6f000-7ff26d06d000 rw-p 00000000 00:00 0                          [stack:8626]
7ff26d06d000-7ff26d113000 r--s 010bb000 08:05 6304589                    /usr/lib/jvm/java-8-oracle/jre/lib/ext/jfxrt.jar
7ff26d113000-7ff26d114000 ---p 00000000 00:00 0 
7ff26d114000-7ff26d214000 rw-p 00000000 00:00 0                          [stack:8624]
7ff26d214000-7ff26d217000 ---p 00000000 00:00 0 
7ff26d217000-7ff26d315000 rw-p 00000000 00:00 0                          [stack:8623]
7ff26d315000-7ff26d318000 ---p 00000000 00:00 0 
7ff26d318000-7ff26d416000 rw-p 00000000 00:00 0                          [stack:8622]
7ff26d416000-7ff26d419000 ---p 00000000 00:00 0 
7ff26d419000-7ff26d517000 rw-p 00000000 00:00 0                          [stack:8621]
7ff26d517000-7ff26d51a000 ---p 00000000 00:00 0 
7ff26d51a000-7ff26d618000 rw-p 00000000 00:00 0                          [stack:8620]
7ff26d618000-7ff26d61b000 ---p 00000000 00:00 0 
7ff26d61b000-7ff26d719000 rw-p 00000000 00:00 0                          [stack:8619]
7ff26d719000-7ff26d71c000 ---p 00000000 00:00 0 
7ff26d71c000-7ff26d81a000 rw-p 00000000 00:00 0                          [stack:8618]
7ff26d81a000-7ff26dae3000 r--p 00000000 08:05 6160602                    /usr/lib/locale/locale-archive
7ff26dae3000-7ff26dae6000 ---p 00000000 00:00 0 
7ff26dae6000-7ff26dbe4000 rw-p 00000000 00:00 0                          [stack:8617]
7ff26dbe4000-7ff26dbe7000 ---p 00000000 00:00 0 
7ff26dbe7000-7ff26dce5000 rw-p 00000000 00:00 0                          [stack:8616]
7ff26dce5000-7ff26dce6000 ---p 00000000 00:00 0 
7ff26dce6000-7ff270000000 rw-p 00000000 00:00 0                          [stack:8615]
7ff270000000-7ff270021000 rw-p 00000000 00:00 0 
7ff270021000-7ff274000000 ---p 00000000 00:00 0 
7ff274000000-7ff274001000 r--s 00000000 08:05 9965200                    /var/cache/fontconfig/4794a0821666d79190d59a36cb4f44b5-le64.cache-4
7ff274001000-7ff274002000 r--s 00000000 08:05 9964655                    /var/cache/fontconfig/56cf4f4769d0f4abc89a4895d7bd3ae1-le64.cache-4
7ff274002000-7ff27400b000 r--s 00000000 08:05 9964591                    /var/cache/fontconfig/d0972c3d32f097851eb916381fc38920-le64.cache-4
7ff27400b000-7ff274018000 r--s 00000000 08:05 9965210                    /var/cache/fontconfig/8f02d4cb045bd6ce15663e43f347c9f8-le64.cache-4
7ff274018000-7ff274029000 r--s 000bf000 08:05 14948296                   /home/robert/cyclist2/cyclist/lib/controlsfx-8.0.6.jar
7ff274029000-7ff278000000 rw-p 00000000 00:00 0 
7ff278000000-7ff278021000 rw-p 00000000 00:00 0 
7ff278021000-7ff27c000000 ---p 00000000 00:00 0 
7ff27c000000-7ff27c021000 rw-p 00000000 00:00 0 
7ff27c021000-7ff280000000 ---p 00000000 00:00 0 
7ff280000000-7ff280021000 rw-p 00000000 00:00 0 
7ff280021000-7ff284000000 ---p 00000000 00:00 0 
7ff284000000-7ff284021000 rw-p 00000000 00:00 0 
7ff284021000-7ff288000000 ---p 00000000 00:00 0 
7ff288000000-7ff288021000 rw-p 00000000 00:00 0 
7ff288021000-7ff28c000000 ---p 00000000 00:00 0 
7ff28c000000-7ff28c021000 rw-p 00000000 00:00 0 
7ff28c021000-7ff290000000 ---p 00000000 00:00 0 
7ff290000000-7ff290021000 rw-p 00000000 00:00 0 
7ff290021000-7ff294000000 ---p 00000000 00:00 0 
7ff294000000-7ff294001000 r--s 00000000 08:05 9964651                    /var/cache/fontconfig/b9d506c9ac06c20b433354fa67a72993-le64.cache-4
7ff294001000-7ff294002000 r--s 00000000 08:05 9964641                    /var/cache/fontconfig/8a687c406b77f27d99abfeeba937fcce-le64.cache-4
7ff294002000-7ff294006000 r--s 00000000 08:05 9964626                    /var/cache/fontconfig/d589a48862398ed80a3d6066f4f56f4c-le64.cache-4
7ff294006000-7ff294007000 r--s 00000000 08:05 9964614                    /var/cache/fontconfig/0c9eb80ebd1c36541ebe2852d3bb0c49-le64.cache-4
7ff294007000-7ff29400b000 r--s 00000000 08:05 9963044                    /var/cache/fontconfig/7ef2298fde41cc6eeb7af42e48b7d293-le64.cache-4
7ff29400b000-7ff294011000 r--s 0003f000 08:05 14948299                   /home/robert/cyclist2/cyclist/lib/httpcore-4.3.2.jar
7ff294011000-7ff29401d000 r--s 00085000 08:05 14948298                   /home/robert/cyclist2/cyclist/lib/httpclient-4.3.5.jar
7ff29401d000-7ff2940ae000 rw-p 00000000 00:00 0 
7ff2940ae000-7ff294282000 r--s 03c3d000 08:05 6302697                    /usr/lib/jvm/java-8-oracle/jre/lib/rt.jar
7ff294282000-7ff294663000 rw-p 00000000 00:00 0 
7ff294663000-7ff294664000 ---p 00000000 00:00 0 
7ff294664000-7ff294764000 rw-p 00000000 00:00 0                          [stack:8614]
7ff294764000-7ff294765000 ---p 00000000 00:00 0 
7ff294765000-7ff294865000 rw-p 00000000 00:00 0                          [stack:8613]
7ff294865000-7ff294866000 ---p 00000000 00:00 0 
7ff294866000-7ff294966000 rw-p 00000000 00:00 0                          [stack:8612]
7ff294966000-7ff294967000 ---p 00000000 00:00 0 
7ff294967000-7ff294a67000 rw-p 00000000 00:00 0                          [stack:8611]
7ff294a67000-7ff294a68000 ---p 00000000 00:00 0 
7ff294a68000-7ff294b68000 rw-p 00000000 00:00 0                          [stack:8610]
7ff294b68000-7ff294b69000 ---p 00000000 00:00 0 
7ff294b69000-7ff294c69000 rw-p 00000000 00:00 0                          [stack:8609]
7ff294c69000-7ff294c6a000 ---p 00000000 00:00 0 
7ff294c6a000-7ff294da9000 rw-p 00000000 00:00 0                          [stack:8608]
7ff294da9000-7ff295000000 ---p 00000000 00:00 0 
7ff295000000-7ff295520000 rwxp 00000000 00:00 0 
7ff295520000-7ff2a4000000 ---p 00000000 00:00 0 
7ff2a4000000-7ff2a43b0000 rw-p 00000000 00:00 0 
7ff2a43b0000-7ff2a8000000 ---p 00000000 00:00 0 
7ff2a8000000-7ff2a8001000 r--s 00000000 08:05 9963123                    /var/cache/fontconfig/c277e94e32b20404286a1ddafa5a80f0-le64.cache-4
7ff2a8001000-7ff2a8003000 r--s 00000000 08:05 9965212                    /var/cache/fontconfig/16326683038b281783a0ef8c680e3a10-le64.cache-4
7ff2a8003000-7ff2a8005000 r--s 00006000 08:05 14948297                   /home/robert/cyclist2/cyclist/lib/fluent-hc-4.3.5.jar
7ff2a8005000-7ff2a800b000 r--s 00033000 08:05 14948294                   /home/robert/cyclist2/cyclist/lib/commons-codec-1.6.jar
7ff2a800b000-7ff2a800e000 r--s 00012000 08:05 14942336                   /home/robert/cyclist2/cyclist/lib/javax.json-1.0.4.jar
7ff2a800e000-7ff2a801c000 r--s 0007f000 08:05 14943373                   /home/robert/cyclist2/cyclist/lib/commons-collections-3.2.1.jar
7ff2a801c000-7ff2a8092000 rw-p 00000000 00:00 0 
7ff2a8092000-7ff2a8093000 ---p 00000000 00:00 0 
7ff2a8093000-7ff2a81d2000 rw-p 00000000 00:00 0                          [stack:8607]
7ff2a81d2000-7ff2a8429000 ---p 00000000 00:00 0 
7ff2a8429000-7ff2a8433000 rw-p 00000000 00:00 0 
7ff2a8433000-7ff2a8574000 ---p 00000000 00:00 0 
7ff2a8574000-7ff2a858a000 rw-p 00000000 00:00 0 
7ff2a858a000-7ff2a8935000 ---p 00000000 00:00 0 
7ff2a8935000-7ff2a8951000 r-xp 00000000 08:05 6304468                    /usr/lib/jvm/java-8-oracle/jre/lib/amd64/libzip.so
7ff2a8951000-7ff2a8b50000 ---p 0001c000 08:05 6304468                    /usr/lib/jvm/java-8-oracle/jre/lib/amd64/libzip.so
7ff2a8b50000-7ff2a8b51000 rw-p 0001b000 08:05 6304468                    /usr/lib/jvm/java-8-oracle/jre/lib/amd64/libzip.so
7ff2a8b51000-7ff2a8b5c000 r-xp 00000000 08:05 657597                     /lib/x86_64-linux-gnu/libnss_files-2.19.so
7ff2a8b5c000-7ff2a8d5b000 ---p 0000b000 08:05 657597                     /lib/x86_64-linux-gnu/libnss_files-2.19.so
7ff2a8d5b000-7ff2a8d5c000 r--p 0000a000 08:05 657597                     /lib/x86_64-linux-gnu/libnss_files-2.19.so
7ff2a8d5c000-7ff2a8d5d000 rw-p 0000b000 08:05 657597                     /lib/x86_64-linux-gnu/libnss_files-2.19.so
7ff2a8d5d000-7ff2a8d68000 r-xp 00000000 08:05 657598                     /lib/x86_64-linux-gnu/libnss_nis-2.19.so
7ff2a8d68000-7ff2a8f67000 ---p 0000b000 08:05 657598                     /lib/x86_64-linux-gnu/libnss_nis-2.19.so
7ff2a8f67000-7ff2a8f68000 r--p 0000a000 08:05 657598                     /lib/x86_64-linux-gnu/libnss_nis-2.19.so
7ff2a8f68000-7ff2a8f69000 rw-p 0000b000 08:05 657598                     /lib/x86_64-linux-gnu/libnss_nis-2.19.so
7ff2a8f69000-7ff2a8f80000 r-xp 00000000 08:05 655458                     /lib/x86_64-linux-gnu/libnsl-2.19.so
7ff2a8f80000-7ff2a917f000 ---p 00017000 08:05 655458                     /lib/x86_64-linux-gnu/libnsl-2.19.so
7ff2a917f000-7ff2a9180000 r--p 00016000 08:05 655458                     /lib/x86_64-linux-gnu/libnsl-2.19.so
7ff2a9180000-7ff2a9181000 rw-p 00017000 08:05 655458                     /lib/x86_64-linux-gnu/libnsl-2.19.so
7ff2a9181000-7ff2a9183000 rw-p 00000000 00:00 0 
7ff2a9183000-7ff2a918c000 r-xp 00000000 08:05 655386                     /lib/x86_64-linux-gnu/libnss_compat-2.19.so
7ff2a918c000-7ff2a938b000 ---p 00009000 08:05 655386                     /lib/x86_64-linux-gnu/libnss_compat-2.19.so
7ff2a938b000-7ff2a938c000 r--p 00008000 08:05 655386                     /lib/x86_64-linux-gnu/libnss_compat-2.19.so
7ff2a938c000-7ff2a938d000 rw-p 00009000 08:05 655386                     /lib/x86_64-linux-gnu/libnss_compat-2.19.so
7ff2a938d000-7ff2a93b7000 r-xp 00000000 08:05 6304499                    /usr/lib/jvm/java-8-oracle/jre/lib/amd64/libjava.so
7ff2a93b7000-7ff2a95b7000 ---p 0002a000 08:05 6304499                    /usr/lib/jvm/java-8-oracle/jre/lib/amd64/libjava.so
7ff2a95b7000-7ff2a95b9000 rw-p 0002a000 08:05 6304499                    /usr/lib/jvm/java-8-oracle/jre/lib/amd64/libjava.so
7ff2a95b9000-7ff2a95c6000 r-xp 00000000 08:05 6304506                    /usr/lib/jvm/java-8-oracle/jre/lib/amd64/libverify.so
7ff2a95c6000-7ff2a97c6000 ---p 0000d000 08:05 6304506                    /usr/lib/jvm/java-8-oracle/jre/lib/amd64/libverify.so
7ff2a97c6000-7ff2a97c8000 rw-p 0000d000 08:05 6304506                    /usr/lib/jvm/java-8-oracle/jre/lib/amd64/libverify.so
7ff2a97c8000-7ff2a97cf000 r-xp 00000000 08:05 657586                     /lib/x86_64-linux-gnu/librt-2.19.so
7ff2a97cf000-7ff2a99ce000 ---p 00007000 08:05 657586                     /lib/x86_64-linux-gnu/librt-2.19.so
7ff2a99ce000-7ff2a99cf000 r--p 00006000 08:05 657586                     /lib/x86_64-linux-gnu/librt-2.19.so
7ff2a99cf000-7ff2a99d0000 rw-p 00007000 08:05 657586                     /lib/x86_64-linux-gnu/librt-2.19.so
7ff2a99d0000-7ff2a9ad5000 r-xp 00000000 08:05 657593                     /lib/x86_64-linux-gnu/libm-2.19.so
7ff2a9ad5000-7ff2a9cd4000 ---p 00105000 08:05 657593                     /lib/x86_64-linux-gnu/libm-2.19.so
7ff2a9cd4000-7ff2a9cd5000 r--p 00104000 08:05 657593                     /lib/x86_64-linux-gnu/libm-2.19.so
7ff2a9cd5000-7ff2a9cd6000 rw-p 00105000 08:05 657593                     /lib/x86_64-linux-gnu/libm-2.19.so
7ff2a9cd6000-7ff2aa8ee000 r-xp 00000000 08:05 6304461                    /usr/lib/jvm/java-8-oracle/jre/lib/amd64/server/libjvm.so
7ff2aa8ee000-7ff2aaaee000 ---p 00c18000 08:05 6304461                    /usr/lib/jvm/java-8-oracle/jre/lib/amd64/server/libjvm.so
7ff2aaaee000-7ff2aabb7000 rw-p 00c18000 08:05 6304461                    /usr/lib/jvm/java-8-oracle/jre/lib/amd64/server/libjvm.so
7ff2aabb7000-7ff2aabf8000 rw-p 00000000 00:00 0 
7ff2aabf8000-7ff2aadb3000 r-xp 00000000 08:05 657590                     /lib/x86_64-linux-gnu/libc-2.19.so
7ff2aadb3000-7ff2aafb3000 ---p 001bb000 08:05 657590                     /lib/x86_64-linux-gnu/libc-2.19.so
7ff2aafb3000-7ff2aafb7000 r--p 001bb000 08:05 657590                     /lib/x86_64-linux-gnu/libc-2.19.so
7ff2aafb7000-7ff2aafb9000 rw-p 001bf000 08:05 657590                     /lib/x86_64-linux-gnu/libc-2.19.so
7ff2aafb9000-7ff2aafbe000 rw-p 00000000 00:00 0 
7ff2aafbe000-7ff2aafc1000 r-xp 00000000 08:05 657602                     /lib/x86_64-linux-gnu/libdl-2.19.so
7ff2aafc1000-7ff2ab1c0000 ---p 00003000 08:05 657602                     /lib/x86_64-linux-gnu/libdl-2.19.so
7ff2ab1c0000-7ff2ab1c1000 r--p 00002000 08:05 657602                     /lib/x86_64-linux-gnu/libdl-2.19.so
7ff2ab1c1000-7ff2ab1c2000 rw-p 00003000 08:05 657602                     /lib/x86_64-linux-gnu/libdl-2.19.so
7ff2ab1c2000-7ff2ab1d9000 r-xp 00000000 08:05 6161869                    /usr/lib/jvm/java-8-oracle/lib/amd64/jli/libjli.so
7ff2ab1d9000-7ff2ab3d8000 ---p 00017000 08:05 6161869                    /usr/lib/jvm/java-8-oracle/lib/amd64/jli/libjli.so
7ff2ab3d8000-7ff2ab3d9000 rw-p 00016000 08:05 6161869                    /usr/lib/jvm/java-8-oracle/lib/amd64/jli/libjli.so
7ff2ab3d9000-7ff2ab3f2000 r-xp 00000000 08:05 657603                     /lib/x86_64-linux-gnu/libpthread-2.19.so
7ff2ab3f2000-7ff2ab5f1000 ---p 00019000 08:05 657603                     /lib/x86_64-linux-gnu/libpthread-2.19.so
7ff2ab5f1000-7ff2ab5f2000 r--p 00018000 08:05 657603                     /lib/x86_64-linux-gnu/libpthread-2.19.so
7ff2ab5f2000-7ff2ab5f3000 rw-p 00019000 08:05 657603                     /lib/x86_64-linux-gnu/libpthread-2.19.so
7ff2ab5f3000-7ff2ab5f7000 rw-p 00000000 00:00 0 
7ff2ab5f7000-7ff2ab61a000 r-xp 00000000 08:05 657591                     /lib/x86_64-linux-gnu/ld-2.19.so
7ff2ab61a000-7ff2ab61b000 r--s 00000000 08:05 9965207                    /var/cache/fontconfig/e0aa53bcfa504e64f87823c16bc01eb6-le64.cache-4
7ff2ab61b000-7ff2ab61f000 r--s 003b8000 08:05 14943389                   /home/robert/cyclist2/cyclist/lib/sqlite-jdbc-3.8.5-pre1.jar
7ff2ab61f000-7ff2ab623000 r--s 0002a000 08:05 14943374                   /home/robert/cyclist2/cyclist/lib/commons-io-2.4.jar
7ff2ab623000-7ff2ab62a000 r--s 000ba000 08:05 14943380                   /home/robert/cyclist2/cyclist/lib/mysql-connector-java-5.1.18-bin.jar
7ff2ab62a000-7ff2ab6f5000 rw-p 00000000 00:00 0 
7ff2ab6f5000-7ff2ab6f8000 ---p 00000000 00:00 0 
7ff2ab6f8000-7ff2ab7fa000 rw-p 00000000 00:00 0                          [stack:8606]
7ff2ab7fa000-7ff2ab803000 r--s 0006d000 08:05 14943378                   /home/robert/cyclist2/cyclist/lib/log4j-1.2.16.jar
7ff2ab803000-7ff2ab805000 r--s 00008000 08:05 14943375                   /home/robert/cyclist2/cyclist/lib/commons-logging.jar
7ff2ab805000-7ff2ab80b000 r--p 00000000 08:05 14025208                   /home/robert/.config/dconf/user
7ff2ab80b000-7ff2ab80c000 r--s 00000000 00:15 24834                      /run/user/1000/dconf/user
7ff2ab80c000-7ff2ab80d000 rw-s 12f66e000 00:05 9488                      /dev/dri/card0
7ff2ab80d000-7ff2ab815000 rw-s 00000000 08:05 7471637                    /tmp/hsperfdata_robert/8601
7ff2ab815000-7ff2ab816000 rw-p 00000000 00:00 0 
7ff2ab816000-7ff2ab817000 r--p 00000000 00:00 0 
7ff2ab817000-7ff2ab819000 rw-p 00000000 00:00 0 
7ff2ab819000-7ff2ab81a000 r--p 00022000 08:05 657591                     /lib/x86_64-linux-gnu/ld-2.19.so
7ff2ab81a000-7ff2ab81b000 rw-p 00023000 08:05 657591                     /lib/x86_64-linux-gnu/ld-2.19.so
7ff2ab81b000-7ff2ab81c000 rw-p 00000000 00:00 0 
7fffb147d000-7fffb149e000 rw-p 00000000 00:00 0                          [stack]
7fffb15ab000-7fffb15ad000 r-xp 00000000 00:00 0                          [vdso]
ffffffffff600000-ffffffffff601000 r-xp 00000000 00:00 0                  [vsyscall]

VM Arguments:
jvm_args: -Dfile.encoding=UTF-8 
java_command: edu.utah.sci.cyclist.Cyclist
java_class_path (initial): /home/robert/cyclist2/cyclist/bin:/home/robert/cyclist2/cyclist/lib/commons-logging.jar:/home/robert/cyclist2/cyclist/lib/log4j-1.2.16.jar:/home/robert/cyclist2/cyclist/lib/mysql-connector-java-5.1.18-bin.jar:/home/robert/cyclist2/cyclist/lib/commons-collections-3.2.1.jar:/home/robert/cyclist2/cyclist/lib/commons-io-2.4.jar:/home/robert/cyclist2/cyclist/lib/sqlite-jdbc-3.8.5-pre1.jar:/home/robert/cyclist2/cyclist/lib/javax.json-1.0.4.jar:/home/robert/cyclist2/cyclist/lib/commons-codec-1.6.jar:/home/robert/cyclist2/cyclist/lib/httpclient-4.3.5.jar:/home/robert/cyclist2/cyclist/lib/httpcore-4.3.2.jar:/home/robert/cyclist2/cyclist/lib/fluent-hc-4.3.5.jar:/home/robert/cyclist2/cyclist/lib/controlsfx-8.0.6.jar
Launcher Type: SUN_STANDARD

Environment Variables:
JAVA_HOME=/usr/lib/jvm/java-8-oracle
PATH=/home/robert/bin:/usr/local/sbin:/usr/local/bin:/usr/sbin:/usr/bin:/sbin:/bin:/usr/games:/usr/local/games:/home/robert/.local/bin:/usr/lib/jvm/java-8-oracle/bin:/usr/lib/jvm/java-8-oracle/db/bin:/usr/lib/jvm/java-8-oracle/jre/bin
SHELL=/bin/bash
DISPLAY=:0.0

Signal Handlers:
SIGSEGV: [libjvm.so+0xa2ecd0], sa_mask[0]=0x7ffbfeff, sa_flags=0x10000004
SIGBUS: [libjvm.so+0xa2ecd0], sa_mask[0]=0x7ffbfeff, sa_flags=0x10000004
SIGFPE: [libjvm.so+0x89a4d0], sa_mask[0]=0x7ffbfeff, sa_flags=0x10000004
SIGPIPE: SIG_IGN, sa_mask[0]=0x00001000, sa_flags=0x10000000
SIGXFSZ: [libjvm.so+0x89a4d0], sa_mask[0]=0x7ffbfeff, sa_flags=0x10000004
SIGILL: [libjvm.so+0x89a4d0], sa_mask[0]=0x7ffbfeff, sa_flags=0x10000004
SIGUSR1: SIG_DFL, sa_mask[0]=0x00000000, sa_flags=0x00000000
SIGUSR2: [libjvm.so+0x89bc70], sa_mask[0]=0x00000004, sa_flags=0x10000004
SIGHUP: [libjvm.so+0x89cf20], sa_mask[0]=0x7ffbfeff, sa_flags=0x10000004
SIGINT: [libjvm.so+0x89cf20], sa_mask[0]=0x7ffbfeff, sa_flags=0x10000004
SIGTERM: [libjvm.so+0x89cf20], sa_mask[0]=0x7ffbfeff, sa_flags=0x10000004
SIGQUIT: [libjvm.so+0x89cf20], sa_mask[0]=0x7ffbfeff, sa_flags=0x10000004


---------------  S Y S T E M  ---------------

OS:DISTRIB_ID=Ubuntu
DISTRIB_RELEASE=14.04
DISTRIB_CODENAME=trusty
DISTRIB_DESCRIPTION="Ubuntu 14.04.1 LTS"

uname:Linux 3.13.0-36-generic #63-Ubuntu SMP Wed Sep 3 21:30:07 UTC 2014 x86_64
libc:glibc 2.19 NPTL 2.19 
rlimit: STACK 8192k, CORE 0k, NPROC 63361, NOFILE 4096, AS infinity
load average:1.35 0.67 0.56

/proc/meminfo:
MemTotal:        8131812 kB
MemFree:         4708796 kB
Buffers:          316876 kB
Cached:           958460 kB
SwapCached:            0 kB
Active:          2294404 kB
Inactive:         781256 kB
Active(anon):    1803084 kB
Inactive(anon):    49012 kB
Active(file):     491320 kB
Inactive(file):   732244 kB
Unevictable:          48 kB
Mlocked:              48 kB
SwapTotal:      12652540 kB
SwapFree:       12652540 kB
Dirty:              3232 kB
Writeback:            28 kB
AnonPages:       1800244 kB
Mapped:           255316 kB
Shmem:             51768 kB
Slab:             198100 kB
SReclaimable:     157444 kB
SUnreclaim:        40656 kB
KernelStack:        5912 kB
PageTables:        39260 kB
NFS_Unstable:          0 kB
Bounce:                0 kB
WritebackTmp:          0 kB
CommitLimit:    16718444 kB
Committed_AS:    5907684 kB
VmallocTotal:   34359738367 kB
VmallocUsed:      150876 kB
VmallocChunk:   34359513036 kB
HardwareCorrupted:     0 kB
AnonHugePages:    851968 kB
HugePages_Total:       0
HugePages_Free:        0
HugePages_Rsvd:        0
HugePages_Surp:        0
Hugepagesize:       2048 kB
DirectMap4k:       81360 kB
DirectMap2M:     8263680 kB


CPU:total 8 (4 cores per cpu, 2 threads per core) family 6 model 42 stepping 7, cmov, cx8, fxsr, mmx, sse, sse2, sse3, ssse3, sse4.1, sse4.2, popcnt, avx, aes, clmul, ht, tsc, tscinvbit

/proc/cpuinfo:
processor	: 0
vendor_id	: GenuineIntel
cpu family	: 6
model		: 42
model name	: Intel(R) Core(TM) i7-2720QM CPU @ 2.20GHz
stepping	: 7
microcode	: 0x12
cpu MHz		: 1500.000
cache size	: 6144 KB
physical id	: 0
siblings	: 8
core id		: 0
cpu cores	: 4
apicid		: 0
initial apicid	: 0
fpu		: yes
fpu_exception	: yes
cpuid level	: 13
wp		: yes
flags		: fpu vme de pse tsc msr pae mce cx8 apic sep mtrr pge mca cmov pat pse36 clflush dts acpi mmx fxsr sse sse2 ss ht tm pbe syscall nx rdtscp lm constant_tsc arch_perfmon pebs bts rep_good nopl xtopology nonstop_tsc aperfmperf eagerfpu pni pclmulqdq dtes64 monitor ds_cpl vmx smx est tm2 ssse3 cx16 xtpr pdcm pcid sse4_1 sse4_2 x2apic popcnt tsc_deadline_timer aes xsave avx lahf_lm ida arat epb xsaveopt pln pts dtherm tpr_shadow vnmi flexpriority ept vpid
bogomips	: 4390.29
clflush size	: 64
cache_alignment	: 64
address sizes	: 36 bits physical, 48 bits virtual
power management:

processor	: 1
vendor_id	: GenuineIntel
cpu family	: 6
model		: 42
model name	: Intel(R) Core(TM) i7-2720QM CPU @ 2.20GHz
stepping	: 7
microcode	: 0x12
cpu MHz		: 2201.000
cache size	: 6144 KB
physical id	: 0
siblings	: 8
core id		: 1
cpu cores	: 4
apicid		: 2
initial apicid	: 2
fpu		: yes
fpu_exception	: yes
cpuid level	: 13
wp		: yes
flags		: fpu vme de pse tsc msr pae mce cx8 apic sep mtrr pge mca cmov pat pse36 clflush dts acpi mmx fxsr sse sse2 ss ht tm pbe syscall nx rdtscp lm constant_tsc arch_perfmon pebs bts rep_good nopl xtopology nonstop_tsc aperfmperf eagerfpu pni pclmulqdq dtes64 monitor ds_cpl vmx smx est tm2 ssse3 cx16 xtpr pdcm pcid sse4_1 sse4_2 x2apic popcnt tsc_deadline_timer aes xsave avx lahf_lm ida arat epb xsaveopt pln pts dtherm tpr_shadow vnmi flexpriority ept vpid
bogomips	: 4390.29
clflush size	: 64
cache_alignment	: 64
address sizes	: 36 bits physical, 48 bits virtual
power management:

processor	: 2
vendor_id	: GenuineIntel
cpu family	: 6
model		: 42
model name	: Intel(R) Core(TM) i7-2720QM CPU @ 2.20GHz
stepping	: 7
microcode	: 0x12
cpu MHz		: 2201.000
cache size	: 6144 KB
physical id	: 0
siblings	: 8
core id		: 2
cpu cores	: 4
apicid		: 4
initial apicid	: 4
fpu		: yes
fpu_exception	: yes
cpuid level	: 13
wp		: yes
flags		: fpu vme de pse tsc msr pae mce cx8 apic sep mtrr pge mca cmov pat pse36 clflush dts acpi mmx fxsr sse sse2 ss ht tm pbe syscall nx rdtscp lm constant_tsc arch_perfmon pebs bts rep_good nopl xtopology nonstop_tsc aperfmperf eagerfpu pni pclmulqdq dtes64 monitor ds_cpl vmx smx est tm2 ssse3 cx16 xtpr pdcm pcid sse4_1 sse4_2 x2apic popcnt tsc_deadline_timer aes xsave avx lahf_lm ida arat epb xsaveopt pln pts dtherm tpr_shadow vnmi flexpriority ept vpid
bogomips	: 4390.29
clflush size	: 64
cache_alignment	: 64
address sizes	: 36 bits physical, 48 bits virtual
power management:

processor	: 3
vendor_id	: GenuineIntel
cpu family	: 6
model		: 42
model name	: Intel(R) Core(TM) i7-2720QM CPU @ 2.20GHz
stepping	: 7
microcode	: 0x12
cpu MHz		: 2201.000
cache size	: 6144 KB
physical id	: 0
siblings	: 8
core id		: 3
cpu cores	: 4
apicid		: 6
initial apicid	: 6
fpu		: yes
fpu_exception	: yes
cpuid level	: 13
wp		: yes
flags		: fpu vme de pse tsc msr pae mce cx8 apic sep mtrr pge mca cmov pat pse36 clflush dts acpi mmx fxsr sse sse2 ss ht tm pbe syscall nx rdtscp lm constant_tsc arch_perfmon pebs bts rep_good nopl xtopology nonstop_tsc aperfmperf eagerfpu pni pclmulqdq dtes64 monitor ds_cpl vmx smx est tm2 ssse3 cx16 xtpr pdcm pcid sse4_1 sse4_2 x2apic popcnt tsc_deadline_timer aes xsave avx lahf_lm ida arat epb xsaveopt pln pts dtherm tpr_shadow vnmi flexpriority ept vpid
bogomips	: 4390.29
clflush size	: 64
cache_alignment	: 64
address sizes	: 36 bits physical, 48 bits virtual
power management:

processor	: 4
vendor_id	: GenuineIntel
cpu family	: 6
model		: 42
model name	: Intel(R) Core(TM) i7-2720QM CPU @ 2.20GHz
stepping	: 7
microcode	: 0x12
cpu MHz		: 2200.000
cache size	: 6144 KB
physical id	: 0
siblings	: 8
core id		: 0
cpu cores	: 4
apicid		: 1
initial apicid	: 1
fpu		: yes
fpu_exception	: yes
cpuid level	: 13
wp		: yes
flags		: fpu vme de pse tsc msr pae mce cx8 apic sep mtrr pge mca cmov pat pse36 clflush dts acpi mmx fxsr sse sse2 ss ht tm pbe syscall nx rdtscp lm constant_tsc arch_perfmon pebs bts rep_good nopl xtopology nonstop_tsc aperfmperf eagerfpu pni pclmulqdq dtes64 monitor ds_cpl vmx smx est tm2 ssse3 cx16 xtpr pdcm pcid sse4_1 sse4_2 x2apic popcnt tsc_deadline_timer aes xsave avx lahf_lm ida arat epb xsaveopt pln pts dtherm tpr_shadow vnmi flexpriority ept vpid
bogomips	: 4390.29
clflush size	: 64
cache_alignment	: 64
address sizes	: 36 bits physical, 48 bits virtual
power management:

processor	: 5
vendor_id	: GenuineIntel
cpu family	: 6
model		: 42
model name	: Intel(R) Core(TM) i7-2720QM CPU @ 2.20GHz
stepping	: 7
microcode	: 0x12
cpu MHz		: 1200.000
cache size	: 6144 KB
physical id	: 0
siblings	: 8
core id		: 1
cpu cores	: 4
apicid		: 3
initial apicid	: 3
fpu		: yes
fpu_exception	: yes
cpuid level	: 13
wp		: yes
flags		: fpu vme de pse tsc msr pae mce cx8 apic sep mtrr pge mca cmov pat pse36 clflush dts acpi mmx fxsr sse sse2 ss ht tm pbe syscall nx rdtscp lm constant_tsc arch_perfmon pebs bts rep_good nopl xtopology nonstop_tsc aperfmperf eagerfpu pni pclmulqdq dtes64 monitor ds_cpl vmx smx est tm2 ssse3 cx16 xtpr pdcm pcid sse4_1 sse4_2 x2apic popcnt tsc_deadline_timer aes xsave avx lahf_lm ida arat epb xsaveopt pln pts dtherm tpr_shadow vnmi flexpriority ept vpid
bogomips	: 4390.29
clflush size	: 64
cache_alignment	: 64
address sizes	: 36 bits physical, 48 bits virtual
power management:

processor	: 6
vendor_id	: GenuineIntel
cpu family	: 6
model		: 42
model name	: Intel(R) Core(TM) i7-2720QM CPU @ 2.20GHz
stepping	: 7
microcode	: 0x12
cpu MHz		: 2201.000
cache size	: 6144 KB
physical id	: 0
siblings	: 8
core id		: 2
cpu cores	: 4
apicid		: 5
initial apicid	: 5
fpu		: yes
fpu_exception	: yes
cpuid level	: 13
wp		: yes
flags		: fpu vme de pse tsc msr pae mce cx8 apic sep mtrr pge mca cmov pat pse36 clflush dts acpi mmx fxsr sse sse2 ss ht tm pbe syscall nx rdtscp lm constant_tsc arch_perfmon pebs bts rep_good nopl xtopology nonstop_tsc aperfmperf eagerfpu pni pclmulqdq dtes64 monitor ds_cpl vmx smx est tm2 ssse3 cx16 xtpr pdcm pcid sse4_1 sse4_2 x2apic popcnt tsc_deadline_timer aes xsave avx lahf_lm ida arat epb xsaveopt pln pts dtherm tpr_shadow vnmi flexpriority ept vpid
bogomips	: 4390.29
clflush size	: 64
cache_alignment	: 64
address sizes	: 36 bits physical, 48 bits virtual
power management:

processor	: 7
vendor_id	: GenuineIntel
cpu family	: 6
model		: 42
model name	: Intel(R) Core(TM) i7-2720QM CPU @ 2.20GHz
stepping	: 7
microcode	: 0x12
cpu MHz		: 2201.000
cache size	: 6144 KB
physical id	: 0
siblings	: 8
core id		: 3
cpu cores	: 4
apicid		: 7
initial apicid	: 7
fpu		: yes
fpu_exception	: yes
cpuid level	: 13
wp		: yes
flags		: fpu vme de pse tsc msr pae mce cx8 apic sep mtrr pge mca cmov pat pse36 clflush dts acpi mmx fxsr sse sse2 ss ht tm pbe syscall nx rdtscp lm constant_tsc arch_perfmon pebs bts rep_good nopl xtopology nonstop_tsc aperfmperf eagerfpu pni pclmulqdq dtes64 monitor ds_cpl vmx smx est tm2 ssse3 cx16 xtpr pdcm pcid sse4_1 sse4_2 x2apic popcnt tsc_deadline_timer aes xsave avx lahf_lm ida arat epb xsaveopt pln pts dtherm tpr_shadow vnmi flexpriority ept vpid
bogomips	: 4390.29
clflush size	: 64
cache_alignment	: 64
address sizes	: 36 bits physical, 48 bits virtual
power management:



Memory: 4k page, physical 8131812k(4709024k free), swap 12652540k(12652540k free)

vm_info: Java HotSpot(TM) 64-Bit Server VM (25.0-b66) for linux-amd64 JRE (1.8.0-ea-b124), built on Jan 19 2014 17:20:44 by "java_re" with gcc 4.3.0 20080428 (Red Hat 4.3.0-8)

time: Sat Oct 18 13:06:17 2014
elapsed time: 1 seconds

